2024-06-22 19:06:44,033 INFO    StreamThr :3463 [internal.py:wandb_internal():85] W&B internal server running at pid: 3463, started at: 2024-06-22 19:06:44.032521
2024-06-22 19:06:44,034 DEBUG   HandlerThread:3463 [handler.py:handle_request():158] handle_request: status
2024-06-22 19:06:44,035 INFO    WriterThread:3463 [datastore.py:open_for_write():87] open: /Users/zhemingan/anaconda3/lib/python3.11/site-packages/signaturesnet/wandb/run-20240622_190644-eeqtdntv/run-eeqtdntv.wandb
2024-06-22 19:06:44,036 DEBUG   SenderThread:3463 [sender.py:send():378] send: header
2024-06-22 19:06:44,036 DEBUG   SenderThread:3463 [sender.py:send():378] send: run
2024-06-22 19:06:44,093 DEBUG   HandlerThread:3463 [handler.py:handle_request():158] handle_request: status_report
2024-06-22 19:06:44,326 INFO    SenderThread:3463 [dir_watcher.py:__init__():211] watching files in: /Users/zhemingan/anaconda3/lib/python3.11/site-packages/signaturesnet/wandb/run-20240622_190644-eeqtdntv/files
2024-06-22 19:06:44,326 INFO    SenderThread:3463 [sender.py:_start_run_threads():1123] run started: eeqtdntv with start time 1719097604.031477
2024-06-22 19:06:44,329 DEBUG   HandlerThread:3463 [handler.py:handle_request():158] handle_request: check_version
2024-06-22 19:06:44,329 DEBUG   SenderThread:3463 [sender.py:send_request():405] send_request: check_version
2024-06-22 19:06:44,477 DEBUG   HandlerThread:3463 [handler.py:handle_request():158] handle_request: run_start
2024-06-22 19:06:44,486 DEBUG   HandlerThread:3463 [system_info.py:__init__():26] System info init
2024-06-22 19:06:44,486 DEBUG   HandlerThread:3463 [system_info.py:__init__():41] System info init done
2024-06-22 19:06:44,486 INFO    HandlerThread:3463 [system_monitor.py:start():194] Starting system monitor
2024-06-22 19:06:44,486 INFO    SystemMonitor:3463 [system_monitor.py:_start():158] Starting system asset monitoring threads
2024-06-22 19:06:44,486 INFO    HandlerThread:3463 [system_monitor.py:probe():214] Collecting system info
2024-06-22 19:06:44,486 INFO    SystemMonitor:3463 [interfaces.py:start():188] Started cpu monitoring
2024-06-22 19:06:44,488 INFO    SystemMonitor:3463 [interfaces.py:start():188] Started disk monitoring
2024-06-22 19:06:44,489 INFO    SystemMonitor:3463 [interfaces.py:start():188] Started gpuapple monitoring
2024-06-22 19:06:44,491 INFO    SystemMonitor:3463 [interfaces.py:start():188] Started memory monitoring
2024-06-22 19:06:44,492 INFO    SystemMonitor:3463 [interfaces.py:start():188] Started network monitoring
2024-06-22 19:06:45,349 DEBUG   HandlerThread:3463 [system_info.py:probe():150] Probing system
2024-06-22 19:06:45,354 DEBUG   HandlerThread:3463 [gitlib.py:_init_repo():56] git repository is invalid
2024-06-22 19:06:45,355 DEBUG   HandlerThread:3463 [system_info.py:probe():198] Probing system done
2024-06-22 19:06:45,355 DEBUG   HandlerThread:3463 [system_monitor.py:probe():223] {'os': 'macOS-14.4.1-arm64-arm-64bit', 'python': '3.11.4', 'heartbeatAt': '2024-06-22T23:06:45.349790', 'startedAt': '2024-06-22T23:06:44.028214', 'docker': None, 'cuda': None, 'args': (), 'state': 'running', 'program': '/Users/zhemingan/anaconda3/lib/python3.11/site-packages/signaturesnet/train_finetuner.py', 'codePathLocal': 'train_finetuner.py', 'codePath': 'train_finetuner.py', 'host': 'Zhemings-MBP-2', 'username': 'zhemingan', 'executable': '/Users/zhemingan/anaconda3/bin/python', 'cpu_count': 12, 'cpu_count_logical': 12, 'disk': {'/': {'total': 1858.1917190551758, 'used': 732.8216896057129}}, 'gpuapple': {'type': 'Apple M2 Pro', 'vendor': 'sppci_vendor_Apple'}, 'memory': {'total': 16.0}}
2024-06-22 19:06:45,355 INFO    HandlerThread:3463 [system_monitor.py:probe():224] Finished collecting system info
2024-06-22 19:06:45,355 INFO    HandlerThread:3463 [system_monitor.py:probe():227] Publishing system info
2024-06-22 19:06:45,355 DEBUG   HandlerThread:3463 [system_info.py:_save_conda():207] Saving list of conda packages installed into the current environment
2024-06-22 19:06:46,337 INFO    Thread-18 :3463 [dir_watcher.py:_on_file_created():271] file/dir created: /Users/zhemingan/anaconda3/lib/python3.11/site-packages/signaturesnet/wandb/run-20240622_190644-eeqtdntv/files/conda-environment.yaml
2024-06-22 19:06:48,119 DEBUG   HandlerThread:3463 [system_info.py:_save_conda():222] Saving conda packages done
2024-06-22 19:06:48,120 INFO    HandlerThread:3463 [system_monitor.py:probe():229] Finished publishing system info
2024-06-22 19:06:48,127 DEBUG   SenderThread:3463 [sender.py:send():378] send: files
2024-06-22 19:06:48,127 INFO    SenderThread:3463 [sender.py:_save_file():1389] saving file wandb-metadata.json with policy now
2024-06-22 19:06:48,313 DEBUG   HandlerThread:3463 [handler.py:handle_request():158] handle_request: python_packages
2024-06-22 19:06:48,313 DEBUG   SenderThread:3463 [sender.py:send_request():405] send_request: python_packages
2024-06-22 19:06:48,313 DEBUG   HandlerThread:3463 [handler.py:handle_request():158] handle_request: stop_status
2024-06-22 19:06:48,313 DEBUG   SenderThread:3463 [sender.py:send_request():405] send_request: stop_status
2024-06-22 19:06:48,346 INFO    Thread-18 :3463 [dir_watcher.py:_on_file_modified():288] file/dir modified: /Users/zhemingan/anaconda3/lib/python3.11/site-packages/signaturesnet/wandb/run-20240622_190644-eeqtdntv/files/conda-environment.yaml
2024-06-22 19:06:48,347 INFO    Thread-18 :3463 [dir_watcher.py:_on_file_created():271] file/dir created: /Users/zhemingan/anaconda3/lib/python3.11/site-packages/signaturesnet/wandb/run-20240622_190644-eeqtdntv/files/requirements.txt
2024-06-22 19:06:48,347 INFO    Thread-18 :3463 [dir_watcher.py:_on_file_created():271] file/dir created: /Users/zhemingan/anaconda3/lib/python3.11/site-packages/signaturesnet/wandb/run-20240622_190644-eeqtdntv/files/wandb-metadata.json
2024-06-22 19:06:48,415 DEBUG   SenderThread:3463 [sender.py:send():378] send: telemetry
2024-06-22 19:06:48,825 INFO    wandb-upload_0:3463 [upload_job.py:push():130] Uploaded file /var/folders/d1/s879w5px4ps8c4d9x6vvzrjh0000gn/T/tmpoyi4i7x6wandb/0sa8fw04-wandb-metadata.json
2024-06-22 19:06:49,116 DEBUG   HandlerThread:3463 [handler.py:handle_request():158] handle_request: status_report
2024-06-22 19:06:49,416 DEBUG   HandlerThread:3463 [handler.py:handle_request():158] handle_request: status_report
2024-06-22 19:06:54,135 DEBUG   HandlerThread:3463 [handler.py:handle_request():158] handle_request: status_report
2024-06-22 19:06:54,433 DEBUG   HandlerThread:3463 [handler.py:handle_request():158] handle_request: status_report
2024-06-22 19:06:59,156 DEBUG   HandlerThread:3463 [handler.py:handle_request():158] handle_request: status_report
2024-06-22 19:06:59,450 DEBUG   HandlerThread:3463 [handler.py:handle_request():158] handle_request: status_report
2024-06-22 19:07:03,320 DEBUG   HandlerThread:3463 [handler.py:handle_request():158] handle_request: stop_status
2024-06-22 19:07:03,321 DEBUG   SenderThread:3463 [sender.py:send_request():405] send_request: stop_status
2024-06-22 19:07:04,171 DEBUG   HandlerThread:3463 [handler.py:handle_request():158] handle_request: status_report
2024-06-22 19:07:05,418 DEBUG   HandlerThread:3463 [handler.py:handle_request():158] handle_request: status_report
2024-06-22 19:07:09,187 DEBUG   HandlerThread:3463 [handler.py:handle_request():158] handle_request: status_report
2024-06-22 19:07:10,436 DEBUG   HandlerThread:3463 [handler.py:handle_request():158] handle_request: status_report
2024-06-22 19:07:14,204 DEBUG   HandlerThread:3463 [handler.py:handle_request():158] handle_request: status_report
2024-06-22 19:07:15,460 DEBUG   HandlerThread:3463 [handler.py:handle_request():158] handle_request: status_report
2024-06-22 19:07:16,467 INFO    Thread-18 :3463 [dir_watcher.py:_on_file_modified():288] file/dir modified: /Users/zhemingan/anaconda3/lib/python3.11/site-packages/signaturesnet/wandb/run-20240622_190644-eeqtdntv/files/config.yaml
2024-06-22 19:07:18,322 DEBUG   HandlerThread:3463 [handler.py:handle_request():158] handle_request: stop_status
2024-06-22 19:07:18,324 DEBUG   SenderThread:3463 [sender.py:send_request():405] send_request: stop_status
2024-06-22 19:07:19,219 DEBUG   HandlerThread:3463 [handler.py:handle_request():158] handle_request: status_report
2024-06-22 19:07:21,454 DEBUG   HandlerThread:3463 [handler.py:handle_request():158] handle_request: status_report
2024-06-22 19:07:24,240 DEBUG   HandlerThread:3463 [handler.py:handle_request():158] handle_request: status_report
2024-06-22 19:07:26,476 DEBUG   HandlerThread:3463 [handler.py:handle_request():158] handle_request: status_report
2024-06-22 19:07:29,258 DEBUG   HandlerThread:3463 [handler.py:handle_request():158] handle_request: status_report
2024-06-22 19:07:31,498 DEBUG   HandlerThread:3463 [handler.py:handle_request():158] handle_request: status_report
2024-06-22 19:07:33,323 DEBUG   HandlerThread:3463 [handler.py:handle_request():158] handle_request: stop_status
2024-06-22 19:07:33,325 DEBUG   SenderThread:3463 [sender.py:send_request():405] send_request: stop_status
2024-06-22 19:07:34,277 DEBUG   HandlerThread:3463 [handler.py:handle_request():158] handle_request: status_report
2024-06-22 19:07:37,411 DEBUG   HandlerThread:3463 [handler.py:handle_request():158] handle_request: status_report
2024-06-22 19:07:39,294 DEBUG   HandlerThread:3463 [handler.py:handle_request():158] handle_request: status_report
2024-06-22 19:07:42,433 DEBUG   HandlerThread:3463 [handler.py:handle_request():158] handle_request: status_report
2024-06-22 19:07:44,316 DEBUG   HandlerThread:3463 [handler.py:handle_request():158] handle_request: status_report
2024-06-22 19:07:44,498 DEBUG   SystemMonitor:3463 [system_monitor.py:_start():172] Starting system metrics aggregation loop
2024-06-22 19:07:44,503 DEBUG   SenderThread:3463 [sender.py:send():378] send: telemetry
2024-06-22 19:07:44,503 DEBUG   SenderThread:3463 [sender.py:send():378] send: stats
2024-06-22 19:07:47,520 DEBUG   HandlerThread:3463 [handler.py:handle_request():158] handle_request: status_report
2024-06-22 19:07:47,611 INFO    Thread-18 :3463 [dir_watcher.py:_on_file_modified():288] file/dir modified: /Users/zhemingan/anaconda3/lib/python3.11/site-packages/signaturesnet/wandb/run-20240622_190644-eeqtdntv/files/config.yaml
2024-06-22 19:07:48,324 DEBUG   HandlerThread:3463 [handler.py:handle_request():158] handle_request: stop_status
2024-06-22 19:07:48,325 DEBUG   SenderThread:3463 [sender.py:send_request():405] send_request: stop_status
2024-06-22 19:07:49,333 DEBUG   HandlerThread:3463 [handler.py:handle_request():158] handle_request: status_report
2024-06-22 19:07:53,474 DEBUG   HandlerThread:3463 [handler.py:handle_request():158] handle_request: status_report
2024-06-22 19:07:54,349 DEBUG   HandlerThread:3463 [handler.py:handle_request():158] handle_request: status_report
2024-06-22 19:07:58,487 DEBUG   HandlerThread:3463 [handler.py:handle_request():158] handle_request: status_report
2024-06-22 19:07:59,367 DEBUG   HandlerThread:3463 [handler.py:handle_request():158] handle_request: status_report
2024-06-22 19:08:03,328 DEBUG   HandlerThread:3463 [handler.py:handle_request():158] handle_request: stop_status
2024-06-22 19:08:03,331 DEBUG   SenderThread:3463 [sender.py:send_request():405] send_request: stop_status
2024-06-22 19:08:04,386 DEBUG   HandlerThread:3463 [handler.py:handle_request():158] handle_request: status_report
2024-06-22 19:08:04,455 DEBUG   HandlerThread:3463 [handler.py:handle_request():158] handle_request: status_report
2024-06-22 19:08:09,401 DEBUG   HandlerThread:3463 [handler.py:handle_request():158] handle_request: status_report
2024-06-22 19:08:09,475 DEBUG   HandlerThread:3463 [handler.py:handle_request():158] handle_request: status_report
2024-06-22 19:08:14,421 DEBUG   HandlerThread:3463 [handler.py:handle_request():158] handle_request: status_report
2024-06-22 19:08:14,489 DEBUG   HandlerThread:3463 [handler.py:handle_request():158] handle_request: status_report
2024-06-22 19:08:14,508 DEBUG   SenderThread:3463 [sender.py:send():378] send: stats
2024-06-22 19:08:18,330 DEBUG   HandlerThread:3463 [handler.py:handle_request():158] handle_request: stop_status
2024-06-22 19:08:18,334 DEBUG   SenderThread:3463 [sender.py:send_request():405] send_request: stop_status
2024-06-22 19:08:19,441 DEBUG   HandlerThread:3463 [handler.py:handle_request():158] handle_request: status_report
2024-06-22 19:08:20,411 DEBUG   HandlerThread:3463 [handler.py:handle_request():158] handle_request: status_report
2024-06-22 19:08:24,451 DEBUG   HandlerThread:3463 [handler.py:handle_request():158] handle_request: status_report
2024-06-22 19:08:25,428 DEBUG   HandlerThread:3463 [handler.py:handle_request():158] handle_request: status_report
2024-06-22 19:08:29,470 DEBUG   HandlerThread:3463 [handler.py:handle_request():158] handle_request: status_report
2024-06-22 19:08:30,443 DEBUG   HandlerThread:3463 [handler.py:handle_request():158] handle_request: status_report
2024-06-22 19:08:33,335 DEBUG   HandlerThread:3463 [handler.py:handle_request():158] handle_request: stop_status
2024-06-22 19:08:33,338 DEBUG   SenderThread:3463 [sender.py:send_request():405] send_request: stop_status
2024-06-22 19:08:34,484 DEBUG   HandlerThread:3463 [handler.py:handle_request():158] handle_request: status_report
2024-06-22 19:08:36,403 DEBUG   HandlerThread:3463 [handler.py:handle_request():158] handle_request: status_report
2024-06-22 19:08:36,975 DEBUG   SenderThread:3463 [sender.py:send():378] send: telemetry
2024-06-22 19:08:36,978 DEBUG   SenderThread:3463 [sender.py:send():378] send: telemetry
2024-06-22 19:08:37,810 INFO    Thread-18 :3463 [dir_watcher.py:_on_file_created():271] file/dir created: /Users/zhemingan/anaconda3/lib/python3.11/site-packages/signaturesnet/wandb/run-20240622_190644-eeqtdntv/files/output.log
2024-06-22 19:08:39,028 ERROR   FileStreamThread:3463 [file_stream.py:_thread_except_body():500] generic exception in filestream thread
Traceback (most recent call last):
  File "/Users/zhemingan/anaconda3/lib/python3.11/site-packages/wandb/sdk/internal/file_stream.py", line 496, in _thread_except_body
    self._thread_body()
  File "/Users/zhemingan/anaconda3/lib/python3.11/site-packages/wandb/sdk/internal/file_stream.py", line 452, in _thread_body
    success = self._send(ready_chunks, uploaded=uploaded)
              ^^^^^^^^^^^^^^^^^^^^^^^^^^^^^^^^^^^^^^^^^^^
  File "/Users/zhemingan/anaconda3/lib/python3.11/site-packages/wandb/sdk/internal/file_stream.py", line 541, in _send
    self._handle_response(
  File "/Users/zhemingan/anaconda3/lib/python3.11/site-packages/wandb/sdk/internal/file_stream.py", line 507, in _handle_response
    wandb.termerror(
  File "/Users/zhemingan/anaconda3/lib/python3.11/site-packages/wandb/errors/term.py", line 64, in termerror
    _log(
  File "/Users/zhemingan/anaconda3/lib/python3.11/site-packages/wandb/errors/term.py", line 103, in _log
    click.echo(line, file=sys.stderr, nl=newline)
  File "/Users/zhemingan/anaconda3/lib/python3.11/site-packages/click/utils.py", line 298, in echo
    file.write(out)  # type: ignore
    ^^^^^^^^^^^^^^^
BrokenPipeError: [Errno 32] Broken pipe
2024-06-22 19:08:39,505 DEBUG   HandlerThread:3463 [handler.py:handle_request():158] handle_request: status_report
2024-06-22 19:08:39,821 INFO    Thread-18 :3463 [dir_watcher.py:_on_file_modified():288] file/dir modified: /Users/zhemingan/anaconda3/lib/python3.11/site-packages/signaturesnet/wandb/run-20240622_190644-eeqtdntv/files/output.log
2024-06-22 19:08:41,829 INFO    Thread-18 :3463 [dir_watcher.py:_on_file_modified():288] file/dir modified: /Users/zhemingan/anaconda3/lib/python3.11/site-packages/signaturesnet/wandb/run-20240622_190644-eeqtdntv/files/output.log
2024-06-22 19:08:42,379 DEBUG   HandlerThread:3463 [handler.py:handle_request():158] handle_request: status_report
2024-06-22 19:08:44,089 DEBUG   HandlerThread:3463 [handler.py:handle_request():158] handle_request: partial_history
2024-06-22 19:08:44,090 DEBUG   HandlerThread:3463 [handler.py:handle_request():158] handle_request: partial_history
2024-06-22 19:08:44,090 DEBUG   SenderThread:3463 [sender.py:send():378] send: history
2024-06-22 19:08:44,090 DEBUG   SenderThread:3463 [sender.py:send_request():405] send_request: summary_record
2024-06-22 19:08:44,090 DEBUG   HandlerThread:3463 [handler.py:handle_request():158] handle_request: partial_history
2024-06-22 19:08:44,091 INFO    SenderThread:3463 [sender.py:_save_file():1389] saving file wandb-summary.json with policy end
2024-06-22 19:08:44,091 DEBUG   SenderThread:3463 [sender.py:send():378] send: history
2024-06-22 19:08:44,091 DEBUG   SenderThread:3463 [sender.py:send_request():405] send_request: summary_record
2024-06-22 19:08:44,091 INFO    SenderThread:3463 [sender.py:_save_file():1389] saving file wandb-summary.json with policy end
2024-06-22 19:08:44,091 DEBUG   SenderThread:3463 [sender.py:send():378] send: history
2024-06-22 19:08:44,091 DEBUG   SenderThread:3463 [sender.py:send_request():405] send_request: summary_record
2024-06-22 19:08:44,092 INFO    SenderThread:3463 [sender.py:_save_file():1389] saving file wandb-summary.json with policy end
2024-06-22 19:08:44,092 DEBUG   HandlerThread:3463 [handler.py:handle_request():158] handle_request: partial_history
2024-06-22 19:08:44,092 DEBUG   HandlerThread:3463 [handler.py:handle_request():158] handle_request: partial_history
2024-06-22 19:08:44,093 DEBUG   HandlerThread:3463 [handler.py:handle_request():158] handle_request: partial_history
2024-06-22 19:08:44,093 DEBUG   SenderThread:3463 [sender.py:send():378] send: history
2024-06-22 19:08:44,093 DEBUG   HandlerThread:3463 [handler.py:handle_request():158] handle_request: partial_history
2024-06-22 19:08:44,093 DEBUG   SenderThread:3463 [sender.py:send_request():405] send_request: summary_record
2024-06-22 19:08:44,093 DEBUG   HandlerThread:3463 [handler.py:handle_request():158] handle_request: partial_history
2024-06-22 19:08:44,094 DEBUG   HandlerThread:3463 [handler.py:handle_request():158] handle_request: partial_history
2024-06-22 19:08:44,094 DEBUG   HandlerThread:3463 [handler.py:handle_request():158] handle_request: partial_history
2024-06-22 19:08:44,094 DEBUG   HandlerThread:3463 [handler.py:handle_request():158] handle_request: partial_history
2024-06-22 19:08:44,094 DEBUG   HandlerThread:3463 [handler.py:handle_request():158] handle_request: partial_history
2024-06-22 19:08:44,094 INFO    SenderThread:3463 [sender.py:_save_file():1389] saving file wandb-summary.json with policy end
2024-06-22 19:08:44,094 DEBUG   HandlerThread:3463 [handler.py:handle_request():158] handle_request: partial_history
2024-06-22 19:08:44,094 DEBUG   SenderThread:3463 [sender.py:send():378] send: history
2024-06-22 19:08:44,095 DEBUG   HandlerThread:3463 [handler.py:handle_request():158] handle_request: partial_history
2024-06-22 19:08:44,095 DEBUG   SenderThread:3463 [sender.py:send_request():405] send_request: summary_record
2024-06-22 19:08:44,095 INFO    SenderThread:3463 [sender.py:_save_file():1389] saving file wandb-summary.json with policy end
2024-06-22 19:08:44,095 DEBUG   SenderThread:3463 [sender.py:send():378] send: history
2024-06-22 19:08:44,095 DEBUG   SenderThread:3463 [sender.py:send_request():405] send_request: summary_record
2024-06-22 19:08:44,095 INFO    SenderThread:3463 [sender.py:_save_file():1389] saving file wandb-summary.json with policy end
2024-06-22 19:08:44,095 DEBUG   SenderThread:3463 [sender.py:send():378] send: history
2024-06-22 19:08:44,095 DEBUG   SenderThread:3463 [sender.py:send_request():405] send_request: summary_record
2024-06-22 19:08:44,095 INFO    SenderThread:3463 [sender.py:_save_file():1389] saving file wandb-summary.json with policy end
2024-06-22 19:08:44,095 DEBUG   SenderThread:3463 [sender.py:send():378] send: history
2024-06-22 19:08:44,095 DEBUG   SenderThread:3463 [sender.py:send_request():405] send_request: summary_record
2024-06-22 19:08:44,096 INFO    SenderThread:3463 [sender.py:_save_file():1389] saving file wandb-summary.json with policy end
2024-06-22 19:08:44,096 DEBUG   SenderThread:3463 [sender.py:send():378] send: history
2024-06-22 19:08:44,096 DEBUG   SenderThread:3463 [sender.py:send_request():405] send_request: summary_record
2024-06-22 19:08:44,096 INFO    SenderThread:3463 [sender.py:_save_file():1389] saving file wandb-summary.json with policy end
2024-06-22 19:08:44,096 DEBUG   SenderThread:3463 [sender.py:send():378] send: history
2024-06-22 19:08:44,096 DEBUG   SenderThread:3463 [sender.py:send_request():405] send_request: summary_record
2024-06-22 19:08:44,096 INFO    SenderThread:3463 [sender.py:_save_file():1389] saving file wandb-summary.json with policy end
2024-06-22 19:08:44,096 DEBUG   SenderThread:3463 [sender.py:send():378] send: history
2024-06-22 19:08:44,096 DEBUG   SenderThread:3463 [sender.py:send_request():405] send_request: summary_record
2024-06-22 19:08:44,096 INFO    SenderThread:3463 [sender.py:_save_file():1389] saving file wandb-summary.json with policy end
2024-06-22 19:08:44,096 DEBUG   SenderThread:3463 [sender.py:send():378] send: history
2024-06-22 19:08:44,096 DEBUG   SenderThread:3463 [sender.py:send_request():405] send_request: summary_record
2024-06-22 19:08:44,096 DEBUG   HandlerThread:3463 [handler.py:handle_request():158] handle_request: partial_history
2024-06-22 19:08:44,097 DEBUG   HandlerThread:3463 [handler.py:handle_request():158] handle_request: partial_history
2024-06-22 19:08:44,097 DEBUG   HandlerThread:3463 [handler.py:handle_request():158] handle_request: partial_history
2024-06-22 19:08:44,097 DEBUG   HandlerThread:3463 [handler.py:handle_request():158] handle_request: partial_history
2024-06-22 19:08:44,097 DEBUG   HandlerThread:3463 [handler.py:handle_request():158] handle_request: partial_history
2024-06-22 19:08:44,097 DEBUG   HandlerThread:3463 [handler.py:handle_request():158] handle_request: partial_history
2024-06-22 19:08:44,097 DEBUG   HandlerThread:3463 [handler.py:handle_request():158] handle_request: partial_history
2024-06-22 19:08:44,097 DEBUG   HandlerThread:3463 [handler.py:handle_request():158] handle_request: partial_history
2024-06-22 19:08:44,097 DEBUG   HandlerThread:3463 [handler.py:handle_request():158] handle_request: partial_history
2024-06-22 19:08:44,097 DEBUG   HandlerThread:3463 [handler.py:handle_request():158] handle_request: partial_history
2024-06-22 19:08:44,097 INFO    SenderThread:3463 [sender.py:_save_file():1389] saving file wandb-summary.json with policy end
2024-06-22 19:08:44,097 DEBUG   SenderThread:3463 [sender.py:send():378] send: history
2024-06-22 19:08:44,097 DEBUG   SenderThread:3463 [sender.py:send_request():405] send_request: summary_record
2024-06-22 19:08:44,098 INFO    SenderThread:3463 [sender.py:_save_file():1389] saving file wandb-summary.json with policy end
2024-06-22 19:08:44,098 DEBUG   SenderThread:3463 [sender.py:send():378] send: history
2024-06-22 19:08:44,098 DEBUG   SenderThread:3463 [sender.py:send_request():405] send_request: summary_record
2024-06-22 19:08:44,098 INFO    SenderThread:3463 [sender.py:_save_file():1389] saving file wandb-summary.json with policy end
2024-06-22 19:08:44,098 DEBUG   SenderThread:3463 [sender.py:send():378] send: history
2024-06-22 19:08:44,098 DEBUG   SenderThread:3463 [sender.py:send_request():405] send_request: summary_record
2024-06-22 19:08:44,098 INFO    SenderThread:3463 [sender.py:_save_file():1389] saving file wandb-summary.json with policy end
2024-06-22 19:08:44,098 DEBUG   SenderThread:3463 [sender.py:send():378] send: history
2024-06-22 19:08:44,098 DEBUG   SenderThread:3463 [sender.py:send_request():405] send_request: summary_record
2024-06-22 19:08:44,098 INFO    SenderThread:3463 [sender.py:_save_file():1389] saving file wandb-summary.json with policy end
2024-06-22 19:08:44,098 DEBUG   SenderThread:3463 [sender.py:send():378] send: history
2024-06-22 19:08:44,098 DEBUG   SenderThread:3463 [sender.py:send_request():405] send_request: summary_record
2024-06-22 19:08:44,098 INFO    SenderThread:3463 [sender.py:_save_file():1389] saving file wandb-summary.json with policy end
2024-06-22 19:08:44,098 DEBUG   SenderThread:3463 [sender.py:send():378] send: history
2024-06-22 19:08:44,099 DEBUG   SenderThread:3463 [sender.py:send_request():405] send_request: summary_record
2024-06-22 19:08:44,099 INFO    SenderThread:3463 [sender.py:_save_file():1389] saving file wandb-summary.json with policy end
2024-06-22 19:08:44,099 DEBUG   SenderThread:3463 [sender.py:send():378] send: history
2024-06-22 19:08:44,099 DEBUG   SenderThread:3463 [sender.py:send_request():405] send_request: summary_record
2024-06-22 19:08:44,099 INFO    SenderThread:3463 [sender.py:_save_file():1389] saving file wandb-summary.json with policy end
2024-06-22 19:08:44,099 DEBUG   SenderThread:3463 [sender.py:send():378] send: history
2024-06-22 19:08:44,099 DEBUG   SenderThread:3463 [sender.py:send_request():405] send_request: summary_record
2024-06-22 19:08:44,099 INFO    SenderThread:3463 [sender.py:_save_file():1389] saving file wandb-summary.json with policy end
2024-06-22 19:08:44,099 DEBUG   SenderThread:3463 [sender.py:send():378] send: history
2024-06-22 19:08:44,099 DEBUG   SenderThread:3463 [sender.py:send_request():405] send_request: summary_record
2024-06-22 19:08:44,099 INFO    SenderThread:3463 [sender.py:_save_file():1389] saving file wandb-summary.json with policy end
2024-06-22 19:08:44,099 DEBUG   SenderThread:3463 [sender.py:send():378] send: history
2024-06-22 19:08:44,099 DEBUG   SenderThread:3463 [sender.py:send_request():405] send_request: summary_record
2024-06-22 19:08:44,099 INFO    SenderThread:3463 [sender.py:_save_file():1389] saving file wandb-summary.json with policy end
2024-06-22 19:08:44,099 DEBUG   SenderThread:3463 [sender.py:send():378] send: history
2024-06-22 19:08:44,100 DEBUG   SenderThread:3463 [sender.py:send_request():405] send_request: summary_record
2024-06-22 19:08:44,100 INFO    SenderThread:3463 [sender.py:_save_file():1389] saving file wandb-summary.json with policy end
2024-06-22 19:08:44,100 DEBUG   SenderThread:3463 [sender.py:send():378] send: history
2024-06-22 19:08:44,100 DEBUG   SenderThread:3463 [sender.py:send_request():405] send_request: summary_record
2024-06-22 19:08:44,100 INFO    SenderThread:3463 [sender.py:_save_file():1389] saving file wandb-summary.json with policy end
2024-06-22 19:08:44,513 DEBUG   SenderThread:3463 [sender.py:send():378] send: stats
2024-06-22 19:08:44,524 DEBUG   HandlerThread:3463 [handler.py:handle_request():158] handle_request: status_report
2024-06-22 19:08:44,841 INFO    Thread-18 :3463 [dir_watcher.py:_on_file_created():271] file/dir created: /Users/zhemingan/anaconda3/lib/python3.11/site-packages/signaturesnet/wandb/run-20240622_190644-eeqtdntv/files/wandb-summary.json
2024-06-22 19:08:45,847 INFO    Thread-18 :3463 [dir_watcher.py:_on_file_modified():288] file/dir modified: /Users/zhemingan/anaconda3/lib/python3.11/site-packages/signaturesnet/wandb/run-20240622_190644-eeqtdntv/files/output.log
2024-06-22 19:08:47,423 DEBUG   HandlerThread:3463 [handler.py:handle_request():158] handle_request: partial_history
2024-06-22 19:08:47,423 DEBUG   SenderThread:3463 [sender.py:send():378] send: history
2024-06-22 19:08:47,424 DEBUG   SenderThread:3463 [sender.py:send_request():405] send_request: summary_record
2024-06-22 19:08:47,424 DEBUG   HandlerThread:3463 [handler.py:handle_request():158] handle_request: status_report
2024-06-22 19:08:47,424 INFO    SenderThread:3463 [sender.py:_save_file():1389] saving file wandb-summary.json with policy end
2024-06-22 19:08:47,424 DEBUG   SenderThread:3463 [sender.py:send():378] send: telemetry
2024-06-22 19:08:47,424 DEBUG   SenderThread:3463 [sender.py:send():378] send: exit
2024-06-22 19:08:47,424 INFO    SenderThread:3463 [sender.py:send_exit():585] handling exit code: 0
2024-06-22 19:08:47,424 INFO    SenderThread:3463 [sender.py:send_exit():587] handling runtime: 122
2024-06-22 19:08:47,424 INFO    SenderThread:3463 [sender.py:_save_file():1389] saving file wandb-summary.json with policy end
2024-06-22 19:08:47,424 INFO    SenderThread:3463 [sender.py:send_exit():593] send defer
2024-06-22 19:08:47,425 DEBUG   HandlerThread:3463 [handler.py:handle_request():158] handle_request: defer
2024-06-22 19:08:47,425 INFO    HandlerThread:3463 [handler.py:handle_request_defer():184] handle defer: 0
2024-06-22 19:08:47,425 DEBUG   SenderThread:3463 [sender.py:send_request():405] send_request: defer
2024-06-22 19:08:47,425 INFO    SenderThread:3463 [sender.py:send_request_defer():609] handle sender defer: 0
2024-06-22 19:08:47,425 INFO    SenderThread:3463 [sender.py:transition_state():613] send defer: 1
2024-06-22 19:08:47,425 DEBUG   HandlerThread:3463 [handler.py:handle_request():158] handle_request: defer
2024-06-22 19:08:47,425 INFO    HandlerThread:3463 [handler.py:handle_request_defer():184] handle defer: 1
2024-06-22 19:08:47,425 DEBUG   SenderThread:3463 [sender.py:send_request():405] send_request: defer
2024-06-22 19:08:47,425 INFO    SenderThread:3463 [sender.py:send_request_defer():609] handle sender defer: 1
2024-06-22 19:08:47,425 INFO    SenderThread:3463 [sender.py:transition_state():613] send defer: 2
2024-06-22 19:08:47,425 DEBUG   HandlerThread:3463 [handler.py:handle_request():158] handle_request: defer
2024-06-22 19:08:47,425 INFO    HandlerThread:3463 [handler.py:handle_request_defer():184] handle defer: 2
2024-06-22 19:08:47,425 INFO    HandlerThread:3463 [system_monitor.py:finish():203] Stopping system monitor
2024-06-22 19:08:47,425 DEBUG   SystemMonitor:3463 [system_monitor.py:_start():179] Finished system metrics aggregation loop
2024-06-22 19:08:47,425 DEBUG   SystemMonitor:3463 [system_monitor.py:_start():183] Publishing last batch of metrics
2024-06-22 19:08:47,425 INFO    HandlerThread:3463 [interfaces.py:finish():200] Joined cpu monitor
2024-06-22 19:08:47,425 INFO    HandlerThread:3463 [interfaces.py:finish():200] Joined disk monitor
2024-06-22 19:08:47,426 INFO    HandlerThread:3463 [interfaces.py:finish():200] Joined gpuapple monitor
2024-06-22 19:08:47,426 INFO    HandlerThread:3463 [interfaces.py:finish():200] Joined memory monitor
2024-06-22 19:08:47,426 INFO    HandlerThread:3463 [interfaces.py:finish():200] Joined network monitor
2024-06-22 19:08:47,426 DEBUG   SenderThread:3463 [sender.py:send_request():405] send_request: defer
2024-06-22 19:08:47,426 INFO    SenderThread:3463 [sender.py:send_request_defer():609] handle sender defer: 2
2024-06-22 19:08:47,426 INFO    SenderThread:3463 [sender.py:transition_state():613] send defer: 3
2024-06-22 19:08:47,426 DEBUG   SenderThread:3463 [sender.py:send():378] send: stats
2024-06-22 19:08:47,426 DEBUG   HandlerThread:3463 [handler.py:handle_request():158] handle_request: defer
2024-06-22 19:08:47,426 INFO    HandlerThread:3463 [handler.py:handle_request_defer():184] handle defer: 3
2024-06-22 19:08:47,426 DEBUG   SenderThread:3463 [sender.py:send_request():405] send_request: defer
2024-06-22 19:08:47,426 INFO    SenderThread:3463 [sender.py:send_request_defer():609] handle sender defer: 3
2024-06-22 19:08:47,426 INFO    SenderThread:3463 [sender.py:transition_state():613] send defer: 4
2024-06-22 19:08:47,426 DEBUG   HandlerThread:3463 [handler.py:handle_request():158] handle_request: defer
2024-06-22 19:08:47,426 INFO    HandlerThread:3463 [handler.py:handle_request_defer():184] handle defer: 4
2024-06-22 19:08:47,426 DEBUG   SenderThread:3463 [sender.py:send_request():405] send_request: defer
2024-06-22 19:08:47,426 INFO    SenderThread:3463 [sender.py:send_request_defer():609] handle sender defer: 4
2024-06-22 19:08:47,426 INFO    SenderThread:3463 [sender.py:transition_state():613] send defer: 5
2024-06-22 19:08:47,426 DEBUG   HandlerThread:3463 [handler.py:handle_request():158] handle_request: defer
2024-06-22 19:08:47,426 INFO    HandlerThread:3463 [handler.py:handle_request_defer():184] handle defer: 5
2024-06-22 19:08:47,426 DEBUG   SenderThread:3463 [sender.py:send():378] send: summary
2024-06-22 19:08:47,427 INFO    SenderThread:3463 [sender.py:_save_file():1389] saving file wandb-summary.json with policy end
2024-06-22 19:08:47,427 DEBUG   SenderThread:3463 [sender.py:send_request():405] send_request: defer
2024-06-22 19:08:47,427 INFO    SenderThread:3463 [sender.py:send_request_defer():609] handle sender defer: 5
2024-06-22 19:08:47,427 INFO    SenderThread:3463 [sender.py:transition_state():613] send defer: 6
2024-06-22 19:08:47,427 DEBUG   HandlerThread:3463 [handler.py:handle_request():158] handle_request: defer
2024-06-22 19:08:47,427 INFO    HandlerThread:3463 [handler.py:handle_request_defer():184] handle defer: 6
2024-06-22 19:08:47,427 DEBUG   SenderThread:3463 [sender.py:send_request():405] send_request: defer
2024-06-22 19:08:47,427 INFO    SenderThread:3463 [sender.py:send_request_defer():609] handle sender defer: 6
2024-06-22 19:08:47,429 DEBUG   HandlerThread:3463 [handler.py:handle_request():158] handle_request: status_report
2024-06-22 19:08:47,555 INFO    SenderThread:3463 [sender.py:transition_state():613] send defer: 7
2024-06-22 19:08:47,555 DEBUG   HandlerThread:3463 [handler.py:handle_request():158] handle_request: defer
2024-06-22 19:08:47,555 INFO    HandlerThread:3463 [handler.py:handle_request_defer():184] handle defer: 7
2024-06-22 19:08:47,555 DEBUG   SenderThread:3463 [sender.py:send_request():405] send_request: defer
2024-06-22 19:08:47,555 INFO    SenderThread:3463 [sender.py:send_request_defer():609] handle sender defer: 7
2024-06-22 19:08:47,856 INFO    Thread-18 :3463 [dir_watcher.py:_on_file_modified():288] file/dir modified: /Users/zhemingan/anaconda3/lib/python3.11/site-packages/signaturesnet/wandb/run-20240622_190644-eeqtdntv/files/wandb-summary.json
2024-06-22 19:08:47,857 INFO    Thread-18 :3463 [dir_watcher.py:_on_file_modified():288] file/dir modified: /Users/zhemingan/anaconda3/lib/python3.11/site-packages/signaturesnet/wandb/run-20240622_190644-eeqtdntv/files/output.log
2024-06-22 19:08:47,857 INFO    Thread-18 :3463 [dir_watcher.py:_on_file_modified():288] file/dir modified: /Users/zhemingan/anaconda3/lib/python3.11/site-packages/signaturesnet/wandb/run-20240622_190644-eeqtdntv/files/config.yaml
2024-06-22 19:08:48,427 DEBUG   HandlerThread:3463 [handler.py:handle_request():158] handle_request: poll_exit
2024-06-22 19:08:49,311 INFO    SenderThread:3463 [sender.py:transition_state():613] send defer: 8
2024-06-22 19:08:49,312 DEBUG   SenderThread:3463 [sender.py:send_request():405] send_request: poll_exit
2024-06-22 19:08:49,312 DEBUG   HandlerThread:3463 [handler.py:handle_request():158] handle_request: defer
2024-06-22 19:08:49,313 INFO    HandlerThread:3463 [handler.py:handle_request_defer():184] handle defer: 8
2024-06-22 19:08:49,313 DEBUG   SenderThread:3463 [sender.py:send_request():405] send_request: defer
2024-06-22 19:08:49,313 INFO    SenderThread:3463 [sender.py:send_request_defer():609] handle sender defer: 8
2024-06-22 19:08:49,313 INFO    SenderThread:3463 [job_builder.py:build():432] Attempting to build job artifact
2024-06-22 19:08:49,315 INFO    SenderThread:3463 [job_builder.py:_get_source_type():576] no source found
2024-06-22 19:08:49,315 INFO    SenderThread:3463 [sender.py:transition_state():613] send defer: 9
2024-06-22 19:08:49,315 DEBUG   HandlerThread:3463 [handler.py:handle_request():158] handle_request: defer
2024-06-22 19:08:49,315 INFO    HandlerThread:3463 [handler.py:handle_request_defer():184] handle defer: 9
2024-06-22 19:08:49,315 DEBUG   SenderThread:3463 [sender.py:send_request():405] send_request: defer
2024-06-22 19:08:49,315 INFO    SenderThread:3463 [sender.py:send_request_defer():609] handle sender defer: 9
2024-06-22 19:08:49,315 INFO    SenderThread:3463 [dir_watcher.py:finish():358] shutting down directory watcher
2024-06-22 19:08:49,432 DEBUG   HandlerThread:3463 [handler.py:handle_request():158] handle_request: poll_exit
2024-06-22 19:08:49,543 DEBUG   HandlerThread:3463 [handler.py:handle_request():158] handle_request: status_report
2024-06-22 19:08:49,867 INFO    SenderThread:3463 [dir_watcher.py:_on_file_modified():288] file/dir modified: /Users/zhemingan/anaconda3/lib/python3.11/site-packages/signaturesnet/wandb/run-20240622_190644-eeqtdntv/files/output.log
2024-06-22 19:08:49,868 INFO    SenderThread:3463 [dir_watcher.py:finish():388] scan: /Users/zhemingan/anaconda3/lib/python3.11/site-packages/signaturesnet/wandb/run-20240622_190644-eeqtdntv/files
2024-06-22 19:08:49,868 INFO    SenderThread:3463 [dir_watcher.py:finish():402] scan save: /Users/zhemingan/anaconda3/lib/python3.11/site-packages/signaturesnet/wandb/run-20240622_190644-eeqtdntv/files/requirements.txt requirements.txt
2024-06-22 19:08:49,868 INFO    SenderThread:3463 [dir_watcher.py:finish():402] scan save: /Users/zhemingan/anaconda3/lib/python3.11/site-packages/signaturesnet/wandb/run-20240622_190644-eeqtdntv/files/output.log output.log
2024-06-22 19:08:49,869 INFO    SenderThread:3463 [dir_watcher.py:finish():402] scan save: /Users/zhemingan/anaconda3/lib/python3.11/site-packages/signaturesnet/wandb/run-20240622_190644-eeqtdntv/files/config.yaml config.yaml
2024-06-22 19:08:49,870 INFO    SenderThread:3463 [dir_watcher.py:finish():402] scan save: /Users/zhemingan/anaconda3/lib/python3.11/site-packages/signaturesnet/wandb/run-20240622_190644-eeqtdntv/files/wandb-summary.json wandb-summary.json
2024-06-22 19:08:49,871 INFO    SenderThread:3463 [dir_watcher.py:finish():402] scan save: /Users/zhemingan/anaconda3/lib/python3.11/site-packages/signaturesnet/wandb/run-20240622_190644-eeqtdntv/files/conda-environment.yaml conda-environment.yaml
2024-06-22 19:08:49,873 INFO    SenderThread:3463 [dir_watcher.py:finish():402] scan save: /Users/zhemingan/anaconda3/lib/python3.11/site-packages/signaturesnet/wandb/run-20240622_190644-eeqtdntv/files/wandb-metadata.json wandb-metadata.json
2024-06-22 19:08:49,874 INFO    SenderThread:3463 [sender.py:transition_state():613] send defer: 10
2024-06-22 19:08:49,874 DEBUG   SenderThread:3463 [sender.py:send_request():405] send_request: poll_exit
2024-06-22 19:08:49,875 DEBUG   HandlerThread:3463 [handler.py:handle_request():158] handle_request: defer
2024-06-22 19:08:49,875 INFO    HandlerThread:3463 [handler.py:handle_request_defer():184] handle defer: 10
2024-06-22 19:08:49,875 DEBUG   SenderThread:3463 [sender.py:send_request():405] send_request: defer
2024-06-22 19:08:49,875 INFO    SenderThread:3463 [sender.py:send_request_defer():609] handle sender defer: 10
2024-06-22 19:08:49,875 INFO    SenderThread:3463 [file_pusher.py:finish():169] shutting down file pusher
2024-06-22 19:08:50,077 INFO    wandb-upload_0:3463 [upload_job.py:push():130] Uploaded file /Users/zhemingan/anaconda3/lib/python3.11/site-packages/signaturesnet/wandb/run-20240622_190644-eeqtdntv/files/requirements.txt
2024-06-22 19:08:50,169 INFO    wandb-upload_2:3463 [upload_job.py:push():130] Uploaded file /Users/zhemingan/anaconda3/lib/python3.11/site-packages/signaturesnet/wandb/run-20240622_190644-eeqtdntv/files/config.yaml
2024-06-22 19:08:50,178 INFO    wandb-upload_3:3463 [upload_job.py:push():130] Uploaded file /Users/zhemingan/anaconda3/lib/python3.11/site-packages/signaturesnet/wandb/run-20240622_190644-eeqtdntv/files/wandb-summary.json
2024-06-22 19:08:50,191 INFO    wandb-upload_4:3463 [upload_job.py:push():130] Uploaded file /Users/zhemingan/anaconda3/lib/python3.11/site-packages/signaturesnet/wandb/run-20240622_190644-eeqtdntv/files/conda-environment.yaml
2024-06-22 19:08:50,259 INFO    wandb-upload_1:3463 [upload_job.py:push():130] Uploaded file /Users/zhemingan/anaconda3/lib/python3.11/site-packages/signaturesnet/wandb/run-20240622_190644-eeqtdntv/files/output.log
2024-06-22 19:08:50,439 DEBUG   HandlerThread:3463 [handler.py:handle_request():158] handle_request: poll_exit
2024-06-22 19:08:50,440 DEBUG   SenderThread:3463 [sender.py:send_request():405] send_request: poll_exit
2024-06-22 19:08:50,461 INFO    Thread-17 (_thread_body):3463 [sender.py:transition_state():613] send defer: 11
2024-06-22 19:08:50,462 DEBUG   HandlerThread:3463 [handler.py:handle_request():158] handle_request: defer
2024-06-22 19:08:50,462 INFO    HandlerThread:3463 [handler.py:handle_request_defer():184] handle defer: 11
2024-06-22 19:08:50,463 DEBUG   SenderThread:3463 [sender.py:send_request():405] send_request: defer
2024-06-22 19:08:50,463 INFO    SenderThread:3463 [sender.py:send_request_defer():609] handle sender defer: 11
2024-06-22 19:08:50,463 INFO    SenderThread:3463 [file_pusher.py:join():175] waiting for file pusher
2024-06-22 19:08:50,465 INFO    SenderThread:3463 [sender.py:transition_state():613] send defer: 12
2024-06-22 19:08:50,465 DEBUG   HandlerThread:3463 [handler.py:handle_request():158] handle_request: defer
2024-06-22 19:08:50,465 INFO    HandlerThread:3463 [handler.py:handle_request_defer():184] handle defer: 12
2024-06-22 19:08:50,465 DEBUG   SenderThread:3463 [sender.py:send_request():405] send_request: defer
2024-06-22 19:08:50,465 INFO    SenderThread:3463 [sender.py:send_request_defer():609] handle sender defer: 12
2024-06-22 19:08:50,465 INFO    SenderThread:3463 [file_stream.py:finish():601] file stream finish called
2024-06-22 19:08:50,466 INFO    SenderThread:3463 [file_stream.py:finish():605] file stream finish is done
2024-06-22 19:08:50,466 ERROR   SenderThread:3463 [file_stream.py:finish():607] FileStream exception
Traceback (most recent call last):
  File "/Users/zhemingan/anaconda3/lib/python3.11/site-packages/wandb/sdk/internal/file_stream.py", line 496, in _thread_except_body
    self._thread_body()
  File "/Users/zhemingan/anaconda3/lib/python3.11/site-packages/wandb/sdk/internal/file_stream.py", line 452, in _thread_body
    success = self._send(ready_chunks, uploaded=uploaded)
              ^^^^^^^^^^^^^^^^^^^^^^^^^^^^^^^^^^^^^^^^^^^
  File "/Users/zhemingan/anaconda3/lib/python3.11/site-packages/wandb/sdk/internal/file_stream.py", line 541, in _send
    self._handle_response(
  File "/Users/zhemingan/anaconda3/lib/python3.11/site-packages/wandb/sdk/internal/file_stream.py", line 507, in _handle_response
    wandb.termerror(
  File "/Users/zhemingan/anaconda3/lib/python3.11/site-packages/wandb/errors/term.py", line 64, in termerror
    _log(
  File "/Users/zhemingan/anaconda3/lib/python3.11/site-packages/wandb/errors/term.py", line 103, in _log
    click.echo(line, file=sys.stderr, nl=newline)
  File "/Users/zhemingan/anaconda3/lib/python3.11/site-packages/click/utils.py", line 298, in echo
    file.write(out)  # type: ignore
    ^^^^^^^^^^^^^^^
BrokenPipeError: [Errno 32] Broken pipe
2024-06-22 19:08:51,441 DEBUG   HandlerThread:3463 [handler.py:handle_request():158] handle_request: poll_exit
2024-06-22 19:08:51,441 INFO    HandlerThread:3463 [handler.py:finish():882] shutting down handler
2024-06-22 19:08:51,442 INFO    WriterThread:3463 [datastore.py:close():296] close: /Users/zhemingan/anaconda3/lib/python3.11/site-packages/signaturesnet/wandb/run-20240622_190644-eeqtdntv/run-eeqtdntv.wandb
2024-06-22 19:08:51,444 ERROR   StreamThr :3463 [internal.py:wandb_internal():173] Thread SenderThread:
Traceback (most recent call last):
  File "/Users/zhemingan/anaconda3/lib/python3.11/site-packages/wandb/sdk/internal/internal_util.py", line 48, in run
    self._run()
  File "/Users/zhemingan/anaconda3/lib/python3.11/site-packages/wandb/sdk/internal/internal_util.py", line 99, in _run
    self._process(record)
  File "/Users/zhemingan/anaconda3/lib/python3.11/site-packages/wandb/sdk/internal/internal.py", line 327, in _process
    self._sm.send(record)
  File "/Users/zhemingan/anaconda3/lib/python3.11/site-packages/wandb/sdk/internal/sender.py", line 385, in send
    send_handler(record)
  File "/Users/zhemingan/anaconda3/lib/python3.11/site-packages/wandb/sdk/internal/sender.py", line 407, in send_request
    send_handler(record)
  File "/Users/zhemingan/anaconda3/lib/python3.11/site-packages/wandb/sdk/internal/sender.py", line 664, in send_request_defer
    self._fs.finish(self._exit_code)
  File "/Users/zhemingan/anaconda3/lib/python3.11/site-packages/wandb/sdk/internal/file_stream.py", line 610, in finish
    raise self._exc_info[1].with_traceback(self._exc_info[2])
  File "/Users/zhemingan/anaconda3/lib/python3.11/site-packages/wandb/sdk/internal/file_stream.py", line 496, in _thread_except_body
    self._thread_body()
  File "/Users/zhemingan/anaconda3/lib/python3.11/site-packages/wandb/sdk/internal/file_stream.py", line 452, in _thread_body
    success = self._send(ready_chunks, uploaded=uploaded)
              ^^^^^^^^^^^^^^^^^^^^^^^^^^^^^^^^^^^^^^^^^^^
  File "/Users/zhemingan/anaconda3/lib/python3.11/site-packages/wandb/sdk/internal/file_stream.py", line 541, in _send
    self._handle_response(
  File "/Users/zhemingan/anaconda3/lib/python3.11/site-packages/wandb/sdk/internal/file_stream.py", line 507, in _handle_response
    wandb.termerror(
  File "/Users/zhemingan/anaconda3/lib/python3.11/site-packages/wandb/errors/term.py", line 64, in termerror
    _log(
  File "/Users/zhemingan/anaconda3/lib/python3.11/site-packages/wandb/errors/term.py", line 103, in _log
    click.echo(line, file=sys.stderr, nl=newline)
  File "/Users/zhemingan/anaconda3/lib/python3.11/site-packages/click/utils.py", line 298, in echo
    file.write(out)  # type: ignore
    ^^^^^^^^^^^^^^^
BrokenPipeError: [Errno 32] Broken pipe
2024-06-22 19:08:54,563 DEBUG   HandlerThread:3463 [handler.py:handle_request():158] handle_request: status_report
2024-06-22 19:08:59,577 DEBUG   HandlerThread:3463 [handler.py:handle_request():158] handle_request: status_report
2024-06-22 19:09:04,593 DEBUG   HandlerThread:3463 [handler.py:handle_request():158] handle_request: status_report
2024-06-22 19:09:09,612 DEBUG   HandlerThread:3463 [handler.py:handle_request():158] handle_request: status_report
2024-06-22 19:09:14,623 DEBUG   HandlerThread:3463 [handler.py:handle_request():158] handle_request: status_report
2024-06-22 19:09:19,644 DEBUG   HandlerThread:3463 [handler.py:handle_request():158] handle_request: status_report
2024-06-22 19:09:24,664 DEBUG   HandlerThread:3463 [handler.py:handle_request():158] handle_request: status_report
2024-06-22 19:09:29,679 DEBUG   HandlerThread:3463 [handler.py:handle_request():158] handle_request: status_report
2024-06-22 19:09:34,702 DEBUG   HandlerThread:3463 [handler.py:handle_request():158] handle_request: status_report
2024-06-22 19:09:39,714 DEBUG   HandlerThread:3463 [handler.py:handle_request():158] handle_request: status_report
2024-06-22 19:09:44,729 DEBUG   HandlerThread:3463 [handler.py:handle_request():158] handle_request: status_report
2024-06-22 19:09:49,746 DEBUG   HandlerThread:3463 [handler.py:handle_request():158] handle_request: status_report
2024-06-22 19:09:54,763 DEBUG   HandlerThread:3463 [handler.py:handle_request():158] handle_request: status_report
2024-06-22 19:09:59,784 DEBUG   HandlerThread:3463 [handler.py:handle_request():158] handle_request: status_report
2024-06-22 19:10:04,799 DEBUG   HandlerThread:3463 [handler.py:handle_request():158] handle_request: status_report
2024-06-22 19:10:09,813 DEBUG   HandlerThread:3463 [handler.py:handle_request():158] handle_request: status_report
2024-06-22 19:10:14,831 DEBUG   HandlerThread:3463 [handler.py:handle_request():158] handle_request: status_report
2024-06-22 19:10:19,846 DEBUG   HandlerThread:3463 [handler.py:handle_request():158] handle_request: status_report
2024-06-22 19:10:24,857 DEBUG   HandlerThread:3463 [handler.py:handle_request():158] handle_request: status_report
2024-06-22 19:10:25,787 INFO    StreamThr :3463 [internal.py:wandb_internal():85] W&B internal server running at pid: 3463, started at: 2024-06-22 19:10:25.786654
2024-06-22 19:10:25,788 DEBUG   HandlerThread:3463 [handler.py:handle_request():158] handle_request: status
2024-06-22 19:10:25,788 INFO    WriterThread:3463 [datastore.py:open_for_write():87] open: /Users/zhemingan/anaconda3/lib/python3.11/site-packages/signaturesnet/wandb/run-20240622_191025-uwodml6e/run-uwodml6e.wandb
2024-06-22 19:10:25,790 DEBUG   SenderThread:3463 [sender.py:send():378] send: header
2024-06-22 19:10:25,790 DEBUG   SenderThread:3463 [sender.py:send():378] send: run
2024-06-22 19:10:25,937 ERROR   SenderThread:3463 [internal_api.py:execute():344] 404 response executing GraphQL.
2024-06-22 19:10:25,937 ERROR   SenderThread:3463 [internal_api.py:execute():345] {"errors":[{"message":"project not found","path":["upsertBucket"]}],"data":{"upsertBucket":null}}
2024-06-22 19:10:25,937 ERROR   SenderThread:3463 [sender.py:send_run():970] [Errno 32] Broken pipe
Traceback (most recent call last):
  File "/Users/zhemingan/anaconda3/lib/python3.11/site-packages/wandb/sdk/internal/internal_api.py", line 340, in execute
    return self.client.execute(*args, **kwargs)  # type: ignore
           ^^^^^^^^^^^^^^^^^^^^^^^^^^^^^^^^^^^^
  File "/Users/zhemingan/anaconda3/lib/python3.11/site-packages/wandb/vendor/gql-0.2.0/wandb_gql/client.py", line 52, in execute
    result = self._get_result(document, *args, **kwargs)
             ^^^^^^^^^^^^^^^^^^^^^^^^^^^^^^^^^^^^^^^^^^^
  File "/Users/zhemingan/anaconda3/lib/python3.11/site-packages/wandb/vendor/gql-0.2.0/wandb_gql/client.py", line 60, in _get_result
    return self.transport.execute(document, *args, **kwargs)
           ^^^^^^^^^^^^^^^^^^^^^^^^^^^^^^^^^^^^^^^^^^^^^^^^^
  File "/Users/zhemingan/anaconda3/lib/python3.11/site-packages/wandb/sdk/lib/gql_request.py", line 59, in execute
    request.raise_for_status()
  File "/Users/zhemingan/anaconda3/lib/python3.11/site-packages/requests/models.py", line 1021, in raise_for_status
    raise HTTPError(http_error_msg, response=self)
requests.exceptions.HTTPError: 404 Client Error: Not Found for url: https://api.wandb.ai/graphql

During handling of the above exception, another exception occurred:

Traceback (most recent call last):
  File "/Users/zhemingan/anaconda3/lib/python3.11/site-packages/wandb/apis/normalize.py", line 41, in wrapper
    return func(*args, **kwargs)
           ^^^^^^^^^^^^^^^^^^^^^
  File "/Users/zhemingan/anaconda3/lib/python3.11/site-packages/wandb/sdk/internal/internal_api.py", line 2188, in upsert_run
    response = self.gql(
               ^^^^^^^^^
  File "/Users/zhemingan/anaconda3/lib/python3.11/site-packages/wandb/sdk/internal/internal_api.py", line 312, in gql
    ret = self._retry_gql(
          ^^^^^^^^^^^^^^^^
  File "/Users/zhemingan/anaconda3/lib/python3.11/site-packages/wandb/sdk/lib/retry.py", line 131, in __call__
    result = self._call_fn(*args, **kwargs)
             ^^^^^^^^^^^^^^^^^^^^^^^^^^^^^^
  File "/Users/zhemingan/anaconda3/lib/python3.11/site-packages/wandb/sdk/internal/internal_api.py", line 347, in execute
    wandb.termerror(f"Error while calling W&B API: {error} ({response})")
  File "/Users/zhemingan/anaconda3/lib/python3.11/site-packages/wandb/errors/term.py", line 64, in termerror
    _log(
  File "/Users/zhemingan/anaconda3/lib/python3.11/site-packages/wandb/errors/term.py", line 103, in _log
    click.echo(line, file=sys.stderr, nl=newline)
  File "/Users/zhemingan/anaconda3/lib/python3.11/site-packages/click/utils.py", line 298, in echo
    file.write(out)  # type: ignore
    ^^^^^^^^^^^^^^^
BrokenPipeError: [Errno 32] Broken pipe

During handling of the above exception, another exception occurred:

Traceback (most recent call last):
  File "/Users/zhemingan/anaconda3/lib/python3.11/site-packages/wandb/sdk/internal/sender.py", line 968, in send_run
    server_run = self._init_run(run, config_value_dict)
                 ^^^^^^^^^^^^^^^^^^^^^^^^^^^^^^^^^^^^^^
  File "/Users/zhemingan/anaconda3/lib/python3.11/site-packages/wandb/sdk/internal/sender.py", line 1013, in _init_run
    server_run, inserted, server_messages = self._api.upsert_run(
                                            ^^^^^^^^^^^^^^^^^^^^^
  File "/Users/zhemingan/anaconda3/lib/python3.11/site-packages/wandb/apis/normalize.py", line 87, in wrapper
    raise CommError(message, err).with_traceback(sys.exc_info()[2])
  File "/Users/zhemingan/anaconda3/lib/python3.11/site-packages/wandb/apis/normalize.py", line 41, in wrapper
    return func(*args, **kwargs)
           ^^^^^^^^^^^^^^^^^^^^^
  File "/Users/zhemingan/anaconda3/lib/python3.11/site-packages/wandb/sdk/internal/internal_api.py", line 2188, in upsert_run
    response = self.gql(
               ^^^^^^^^^
  File "/Users/zhemingan/anaconda3/lib/python3.11/site-packages/wandb/sdk/internal/internal_api.py", line 312, in gql
    ret = self._retry_gql(
          ^^^^^^^^^^^^^^^^
  File "/Users/zhemingan/anaconda3/lib/python3.11/site-packages/wandb/sdk/lib/retry.py", line 131, in __call__
    result = self._call_fn(*args, **kwargs)
             ^^^^^^^^^^^^^^^^^^^^^^^^^^^^^^
  File "/Users/zhemingan/anaconda3/lib/python3.11/site-packages/wandb/sdk/internal/internal_api.py", line 347, in execute
    wandb.termerror(f"Error while calling W&B API: {error} ({response})")
  File "/Users/zhemingan/anaconda3/lib/python3.11/site-packages/wandb/errors/term.py", line 64, in termerror
    _log(
  File "/Users/zhemingan/anaconda3/lib/python3.11/site-packages/wandb/errors/term.py", line 103, in _log
    click.echo(line, file=sys.stderr, nl=newline)
  File "/Users/zhemingan/anaconda3/lib/python3.11/site-packages/click/utils.py", line 298, in echo
    file.write(out)  # type: ignore
    ^^^^^^^^^^^^^^^
wandb.errors.CommError: [Errno 32] Broken pipe
2024-06-22 19:10:29,870 DEBUG   HandlerThread:3463 [handler.py:handle_request():158] handle_request: status_report
2024-06-22 19:10:30,961 DEBUG   HandlerThread:3463 [handler.py:handle_request():158] handle_request: status_report
2024-06-22 19:10:34,887 DEBUG   HandlerThread:3463 [handler.py:handle_request():158] handle_request: status_report
