2024-05-30 10:48:15,897 INFO    StreamThr :1757 [internal.py:wandb_internal():85] W&B internal server running at pid: 1757, started at: 2024-05-30 10:48:15.896605
2024-05-30 10:48:15,898 DEBUG   HandlerThread:1757 [handler.py:handle_request():158] handle_request: status
2024-05-30 10:48:15,904 INFO    WriterThread:1757 [datastore.py:open_for_write():87] open: /Users/zhemingan/anaconda3/lib/python3.11/site-packages/signaturesnet/wandb/run-20240530_104815-9d3kgg2q/run-9d3kgg2q.wandb
2024-05-30 10:48:15,905 DEBUG   SenderThread:1757 [sender.py:send():378] send: header
2024-05-30 10:48:15,905 DEBUG   SenderThread:1757 [sender.py:send():378] send: run
2024-05-30 10:48:16,052 ERROR   SenderThread:1757 [internal_api.py:execute():344] 404 response executing GraphQL.
2024-05-30 10:48:16,052 ERROR   SenderThread:1757 [internal_api.py:execute():345] {"errors":[{"message":"project not found","path":["upsertBucket"]}],"data":{"upsertBucket":null}}
2024-05-30 10:48:16,052 ERROR   SenderThread:1757 [sender.py:send_run():970] It appears that you do not have permission to access the requested resource. Please reach out to the project owner to grant you access. If you have the correct permissions, verify that there are no issues with your networking setup.(Error 404: Not Found)
Traceback (most recent call last):
  File "/Users/zhemingan/anaconda3/lib/python3.11/site-packages/wandb/sdk/lib/retry.py", line 131, in __call__
    result = self._call_fn(*args, **kwargs)
             ^^^^^^^^^^^^^^^^^^^^^^^^^^^^^^
  File "/Users/zhemingan/anaconda3/lib/python3.11/site-packages/wandb/sdk/internal/internal_api.py", line 340, in execute
    return self.client.execute(*args, **kwargs)  # type: ignore
           ^^^^^^^^^^^^^^^^^^^^^^^^^^^^^^^^^^^^
  File "/Users/zhemingan/anaconda3/lib/python3.11/site-packages/wandb/vendor/gql-0.2.0/wandb_gql/client.py", line 52, in execute
    result = self._get_result(document, *args, **kwargs)
             ^^^^^^^^^^^^^^^^^^^^^^^^^^^^^^^^^^^^^^^^^^^
  File "/Users/zhemingan/anaconda3/lib/python3.11/site-packages/wandb/vendor/gql-0.2.0/wandb_gql/client.py", line 60, in _get_result
    return self.transport.execute(document, *args, **kwargs)
           ^^^^^^^^^^^^^^^^^^^^^^^^^^^^^^^^^^^^^^^^^^^^^^^^^
  File "/Users/zhemingan/anaconda3/lib/python3.11/site-packages/wandb/sdk/lib/gql_request.py", line 59, in execute
    request.raise_for_status()
  File "/Users/zhemingan/anaconda3/lib/python3.11/site-packages/requests/models.py", line 1021, in raise_for_status
    raise HTTPError(http_error_msg, response=self)
requests.exceptions.HTTPError: 404 Client Error: Not Found for url: https://api.wandb.ai/graphql

During handling of the above exception, another exception occurred:

Traceback (most recent call last):
  File "/Users/zhemingan/anaconda3/lib/python3.11/site-packages/wandb/sdk/internal/sender.py", line 968, in send_run
    server_run = self._init_run(run, config_value_dict)
                 ^^^^^^^^^^^^^^^^^^^^^^^^^^^^^^^^^^^^^^
  File "/Users/zhemingan/anaconda3/lib/python3.11/site-packages/wandb/sdk/internal/sender.py", line 1013, in _init_run
    server_run, inserted, server_messages = self._api.upsert_run(
                                            ^^^^^^^^^^^^^^^^^^^^^
  File "/Users/zhemingan/anaconda3/lib/python3.11/site-packages/wandb/apis/normalize.py", line 73, in wrapper
    raise err
  File "/Users/zhemingan/anaconda3/lib/python3.11/site-packages/wandb/apis/normalize.py", line 41, in wrapper
    return func(*args, **kwargs)
           ^^^^^^^^^^^^^^^^^^^^^
  File "/Users/zhemingan/anaconda3/lib/python3.11/site-packages/wandb/sdk/internal/internal_api.py", line 2188, in upsert_run
    response = self.gql(
               ^^^^^^^^^
  File "/Users/zhemingan/anaconda3/lib/python3.11/site-packages/wandb/sdk/internal/internal_api.py", line 312, in gql
    ret = self._retry_gql(
          ^^^^^^^^^^^^^^^^
  File "/Users/zhemingan/anaconda3/lib/python3.11/site-packages/wandb/sdk/lib/retry.py", line 147, in __call__
    retry_timedelta_triggered = check_retry_fn(e)
                                ^^^^^^^^^^^^^^^^^
  File "/Users/zhemingan/anaconda3/lib/python3.11/site-packages/wandb/util.py", line 965, in check_retry_fn
    return fallback_retry_fn(e)
           ^^^^^^^^^^^^^^^^^^^^
  File "/Users/zhemingan/anaconda3/lib/python3.11/site-packages/wandb/util.py", line 907, in no_retry_auth
    raise CommError(
wandb.errors.CommError: It appears that you do not have permission to access the requested resource. Please reach out to the project owner to grant you access. If you have the correct permissions, verify that there are no issues with your networking setup.(Error 404: Not Found)
2024-05-30 10:48:21,083 DEBUG   HandlerThread:1757 [handler.py:handle_request():158] handle_request: status_report
2024-05-30 10:48:26,098 DEBUG   HandlerThread:1757 [handler.py:handle_request():158] handle_request: status_report
2024-05-30 10:48:31,117 DEBUG   HandlerThread:1757 [handler.py:handle_request():158] handle_request: status_report
2024-05-30 10:48:36,132 DEBUG   HandlerThread:1757 [handler.py:handle_request():158] handle_request: status_report
2024-05-30 10:48:41,145 DEBUG   HandlerThread:1757 [handler.py:handle_request():158] handle_request: status_report
2024-05-30 10:48:46,163 DEBUG   HandlerThread:1757 [handler.py:handle_request():158] handle_request: status_report
2024-05-30 10:48:51,171 DEBUG   HandlerThread:1757 [handler.py:handle_request():158] handle_request: status_report
2024-05-30 10:48:56,186 DEBUG   HandlerThread:1757 [handler.py:handle_request():158] handle_request: status_report
2024-05-30 10:49:01,204 DEBUG   HandlerThread:1757 [handler.py:handle_request():158] handle_request: status_report
2024-05-30 10:49:06,221 DEBUG   HandlerThread:1757 [handler.py:handle_request():158] handle_request: status_report
2024-05-30 10:49:11,235 DEBUG   HandlerThread:1757 [handler.py:handle_request():158] handle_request: status_report
2024-05-30 10:49:16,252 DEBUG   HandlerThread:1757 [handler.py:handle_request():158] handle_request: status_report
2024-05-30 10:49:21,274 DEBUG   HandlerThread:1757 [handler.py:handle_request():158] handle_request: status_report
2024-05-30 10:49:26,288 DEBUG   HandlerThread:1757 [handler.py:handle_request():158] handle_request: status_report
2024-05-30 10:49:31,306 DEBUG   HandlerThread:1757 [handler.py:handle_request():158] handle_request: status_report
2024-05-30 10:49:36,321 DEBUG   HandlerThread:1757 [handler.py:handle_request():158] handle_request: status_report
2024-05-30 10:49:41,335 DEBUG   HandlerThread:1757 [handler.py:handle_request():158] handle_request: status_report
2024-05-30 10:49:46,352 DEBUG   HandlerThread:1757 [handler.py:handle_request():158] handle_request: status_report
2024-05-30 10:49:51,374 DEBUG   HandlerThread:1757 [handler.py:handle_request():158] handle_request: status_report
2024-05-30 10:49:56,398 DEBUG   HandlerThread:1757 [handler.py:handle_request():158] handle_request: status_report
2024-05-30 10:50:01,419 DEBUG   HandlerThread:1757 [handler.py:handle_request():158] handle_request: status_report
2024-05-30 10:50:06,436 DEBUG   HandlerThread:1757 [handler.py:handle_request():158] handle_request: status_report
2024-05-30 10:50:11,459 DEBUG   HandlerThread:1757 [handler.py:handle_request():158] handle_request: status_report
2024-05-30 10:50:16,478 DEBUG   HandlerThread:1757 [handler.py:handle_request():158] handle_request: status_report
2024-05-30 10:50:21,490 DEBUG   HandlerThread:1757 [handler.py:handle_request():158] handle_request: status_report
2024-05-30 10:50:26,501 DEBUG   HandlerThread:1757 [handler.py:handle_request():158] handle_request: status_report
2024-05-30 10:50:31,515 DEBUG   HandlerThread:1757 [handler.py:handle_request():158] handle_request: status_report
2024-05-30 10:50:36,536 DEBUG   HandlerThread:1757 [handler.py:handle_request():158] handle_request: status_report
2024-05-30 10:50:41,557 DEBUG   HandlerThread:1757 [handler.py:handle_request():158] handle_request: status_report
2024-05-30 10:50:46,576 DEBUG   HandlerThread:1757 [handler.py:handle_request():158] handle_request: status_report
2024-05-30 10:50:51,590 DEBUG   HandlerThread:1757 [handler.py:handle_request():158] handle_request: status_report
2024-05-30 10:50:56,609 DEBUG   HandlerThread:1757 [handler.py:handle_request():158] handle_request: status_report
2024-05-30 10:51:01,623 DEBUG   HandlerThread:1757 [handler.py:handle_request():158] handle_request: status_report
2024-05-30 10:51:06,646 DEBUG   HandlerThread:1757 [handler.py:handle_request():158] handle_request: status_report
2024-05-30 10:51:11,669 DEBUG   HandlerThread:1757 [handler.py:handle_request():158] handle_request: status_report
2024-05-30 10:51:16,685 DEBUG   HandlerThread:1757 [handler.py:handle_request():158] handle_request: status_report
2024-05-30 10:51:21,698 DEBUG   HandlerThread:1757 [handler.py:handle_request():158] handle_request: status_report
2024-05-30 10:51:26,710 DEBUG   HandlerThread:1757 [handler.py:handle_request():158] handle_request: status_report
2024-05-30 10:51:31,720 DEBUG   HandlerThread:1757 [handler.py:handle_request():158] handle_request: status_report
2024-05-30 10:51:36,739 DEBUG   HandlerThread:1757 [handler.py:handle_request():158] handle_request: status_report
2024-05-30 10:51:41,748 DEBUG   HandlerThread:1757 [handler.py:handle_request():158] handle_request: status_report
2024-05-30 10:51:46,765 DEBUG   HandlerThread:1757 [handler.py:handle_request():158] handle_request: status_report
2024-05-30 10:51:49,487 INFO    StreamThr :1757 [internal.py:wandb_internal():85] W&B internal server running at pid: 1757, started at: 2024-05-30 10:51:49.486042
2024-05-30 10:51:49,488 DEBUG   HandlerThread:1757 [handler.py:handle_request():158] handle_request: status
2024-05-30 10:51:49,488 INFO    WriterThread:1757 [datastore.py:open_for_write():87] open: /Users/zhemingan/anaconda3/lib/python3.11/site-packages/signaturesnet/wandb/run-20240530_105149-ltbswg5x/run-ltbswg5x.wandb
2024-05-30 10:51:49,489 DEBUG   SenderThread:1757 [sender.py:send():378] send: header
2024-05-30 10:51:49,489 DEBUG   SenderThread:1757 [sender.py:send():378] send: run
2024-05-30 10:51:49,687 ERROR   SenderThread:1757 [internal_api.py:execute():344] 404 response executing GraphQL.
2024-05-30 10:51:49,687 ERROR   SenderThread:1757 [internal_api.py:execute():345] {"errors":[{"message":"project not found","path":["upsertBucket"]}],"data":{"upsertBucket":null}}
2024-05-30 10:51:49,687 ERROR   SenderThread:1757 [sender.py:send_run():970] [Errno 32] Broken pipe
Traceback (most recent call last):
  File "/Users/zhemingan/anaconda3/lib/python3.11/site-packages/wandb/sdk/internal/internal_api.py", line 340, in execute
    return self.client.execute(*args, **kwargs)  # type: ignore
           ^^^^^^^^^^^^^^^^^^^^^^^^^^^^^^^^^^^^
  File "/Users/zhemingan/anaconda3/lib/python3.11/site-packages/wandb/vendor/gql-0.2.0/wandb_gql/client.py", line 52, in execute
    result = self._get_result(document, *args, **kwargs)
             ^^^^^^^^^^^^^^^^^^^^^^^^^^^^^^^^^^^^^^^^^^^
  File "/Users/zhemingan/anaconda3/lib/python3.11/site-packages/wandb/vendor/gql-0.2.0/wandb_gql/client.py", line 60, in _get_result
    return self.transport.execute(document, *args, **kwargs)
           ^^^^^^^^^^^^^^^^^^^^^^^^^^^^^^^^^^^^^^^^^^^^^^^^^
  File "/Users/zhemingan/anaconda3/lib/python3.11/site-packages/wandb/sdk/lib/gql_request.py", line 59, in execute
    request.raise_for_status()
  File "/Users/zhemingan/anaconda3/lib/python3.11/site-packages/requests/models.py", line 1021, in raise_for_status
    raise HTTPError(http_error_msg, response=self)
requests.exceptions.HTTPError: 404 Client Error: Not Found for url: https://api.wandb.ai/graphql

During handling of the above exception, another exception occurred:

Traceback (most recent call last):
  File "/Users/zhemingan/anaconda3/lib/python3.11/site-packages/wandb/apis/normalize.py", line 41, in wrapper
    return func(*args, **kwargs)
           ^^^^^^^^^^^^^^^^^^^^^
  File "/Users/zhemingan/anaconda3/lib/python3.11/site-packages/wandb/sdk/internal/internal_api.py", line 2188, in upsert_run
    response = self.gql(
               ^^^^^^^^^
  File "/Users/zhemingan/anaconda3/lib/python3.11/site-packages/wandb/sdk/internal/internal_api.py", line 312, in gql
    ret = self._retry_gql(
          ^^^^^^^^^^^^^^^^
  File "/Users/zhemingan/anaconda3/lib/python3.11/site-packages/wandb/sdk/lib/retry.py", line 131, in __call__
    result = self._call_fn(*args, **kwargs)
             ^^^^^^^^^^^^^^^^^^^^^^^^^^^^^^
  File "/Users/zhemingan/anaconda3/lib/python3.11/site-packages/wandb/sdk/internal/internal_api.py", line 347, in execute
    wandb.termerror(f"Error while calling W&B API: {error} ({response})")
  File "/Users/zhemingan/anaconda3/lib/python3.11/site-packages/wandb/errors/term.py", line 64, in termerror
    _log(
  File "/Users/zhemingan/anaconda3/lib/python3.11/site-packages/wandb/errors/term.py", line 103, in _log
    click.echo(line, file=sys.stderr, nl=newline)
  File "/Users/zhemingan/anaconda3/lib/python3.11/site-packages/click/utils.py", line 298, in echo
    file.write(out)  # type: ignore
    ^^^^^^^^^^^^^^^
BrokenPipeError: [Errno 32] Broken pipe

During handling of the above exception, another exception occurred:

Traceback (most recent call last):
  File "/Users/zhemingan/anaconda3/lib/python3.11/site-packages/wandb/sdk/internal/sender.py", line 968, in send_run
    server_run = self._init_run(run, config_value_dict)
                 ^^^^^^^^^^^^^^^^^^^^^^^^^^^^^^^^^^^^^^
  File "/Users/zhemingan/anaconda3/lib/python3.11/site-packages/wandb/sdk/internal/sender.py", line 1013, in _init_run
    server_run, inserted, server_messages = self._api.upsert_run(
                                            ^^^^^^^^^^^^^^^^^^^^^
  File "/Users/zhemingan/anaconda3/lib/python3.11/site-packages/wandb/apis/normalize.py", line 87, in wrapper
    raise CommError(message, err).with_traceback(sys.exc_info()[2])
  File "/Users/zhemingan/anaconda3/lib/python3.11/site-packages/wandb/apis/normalize.py", line 41, in wrapper
    return func(*args, **kwargs)
           ^^^^^^^^^^^^^^^^^^^^^
  File "/Users/zhemingan/anaconda3/lib/python3.11/site-packages/wandb/sdk/internal/internal_api.py", line 2188, in upsert_run
    response = self.gql(
               ^^^^^^^^^
  File "/Users/zhemingan/anaconda3/lib/python3.11/site-packages/wandb/sdk/internal/internal_api.py", line 312, in gql
    ret = self._retry_gql(
          ^^^^^^^^^^^^^^^^
  File "/Users/zhemingan/anaconda3/lib/python3.11/site-packages/wandb/sdk/lib/retry.py", line 131, in __call__
    result = self._call_fn(*args, **kwargs)
             ^^^^^^^^^^^^^^^^^^^^^^^^^^^^^^
  File "/Users/zhemingan/anaconda3/lib/python3.11/site-packages/wandb/sdk/internal/internal_api.py", line 347, in execute
    wandb.termerror(f"Error while calling W&B API: {error} ({response})")
  File "/Users/zhemingan/anaconda3/lib/python3.11/site-packages/wandb/errors/term.py", line 64, in termerror
    _log(
  File "/Users/zhemingan/anaconda3/lib/python3.11/site-packages/wandb/errors/term.py", line 103, in _log
    click.echo(line, file=sys.stderr, nl=newline)
  File "/Users/zhemingan/anaconda3/lib/python3.11/site-packages/click/utils.py", line 298, in echo
    file.write(out)  # type: ignore
    ^^^^^^^^^^^^^^^
wandb.errors.CommError: [Errno 32] Broken pipe
2024-05-30 10:51:51,783 DEBUG   HandlerThread:1757 [handler.py:handle_request():158] handle_request: status_report
2024-05-30 10:51:54,703 DEBUG   HandlerThread:1757 [handler.py:handle_request():158] handle_request: status_report
2024-05-30 10:51:56,796 DEBUG   HandlerThread:1757 [handler.py:handle_request():158] handle_request: status_report
2024-05-30 10:51:59,725 DEBUG   HandlerThread:1757 [handler.py:handle_request():158] handle_request: status_report
2024-05-30 10:52:01,814 DEBUG   HandlerThread:1757 [handler.py:handle_request():158] handle_request: status_report
2024-05-30 10:52:04,748 DEBUG   HandlerThread:1757 [handler.py:handle_request():158] handle_request: status_report
2024-05-30 10:52:06,839 DEBUG   HandlerThread:1757 [handler.py:handle_request():158] handle_request: status_report
2024-05-30 10:52:09,763 DEBUG   HandlerThread:1757 [handler.py:handle_request():158] handle_request: status_report
2024-05-30 10:52:11,859 DEBUG   HandlerThread:1757 [handler.py:handle_request():158] handle_request: status_report
2024-05-30 10:52:14,785 DEBUG   HandlerThread:1757 [handler.py:handle_request():158] handle_request: status_report
2024-05-30 10:52:16,878 DEBUG   HandlerThread:1757 [handler.py:handle_request():158] handle_request: status_report
2024-05-30 10:52:19,794 DEBUG   HandlerThread:1757 [handler.py:handle_request():158] handle_request: status_report
2024-05-30 10:52:21,888 DEBUG   HandlerThread:1757 [handler.py:handle_request():158] handle_request: status_report
2024-05-30 10:52:24,811 DEBUG   HandlerThread:1757 [handler.py:handle_request():158] handle_request: status_report
2024-05-30 10:52:26,910 DEBUG   HandlerThread:1757 [handler.py:handle_request():158] handle_request: status_report
2024-05-30 10:52:29,830 DEBUG   HandlerThread:1757 [handler.py:handle_request():158] handle_request: status_report
2024-05-30 10:52:31,919 DEBUG   HandlerThread:1757 [handler.py:handle_request():158] handle_request: status_report
2024-05-30 10:52:34,845 DEBUG   HandlerThread:1757 [handler.py:handle_request():158] handle_request: status_report
2024-05-30 10:52:36,934 DEBUG   HandlerThread:1757 [handler.py:handle_request():158] handle_request: status_report
2024-05-30 10:52:39,864 DEBUG   HandlerThread:1757 [handler.py:handle_request():158] handle_request: status_report
2024-05-30 10:52:41,953 DEBUG   HandlerThread:1757 [handler.py:handle_request():158] handle_request: status_report
2024-05-30 10:52:44,879 DEBUG   HandlerThread:1757 [handler.py:handle_request():158] handle_request: status_report
2024-05-30 10:52:46,968 DEBUG   HandlerThread:1757 [handler.py:handle_request():158] handle_request: status_report
2024-05-30 10:52:49,896 DEBUG   HandlerThread:1757 [handler.py:handle_request():158] handle_request: status_report
2024-05-30 10:52:51,985 DEBUG   HandlerThread:1757 [handler.py:handle_request():158] handle_request: status_report
2024-05-30 10:52:54,916 DEBUG   HandlerThread:1757 [handler.py:handle_request():158] handle_request: status_report
2024-05-30 10:52:57,002 DEBUG   HandlerThread:1757 [handler.py:handle_request():158] handle_request: status_report
2024-05-30 10:52:59,938 DEBUG   HandlerThread:1757 [handler.py:handle_request():158] handle_request: status_report
2024-05-30 10:53:02,025 DEBUG   HandlerThread:1757 [handler.py:handle_request():158] handle_request: status_report
2024-05-30 10:53:04,956 DEBUG   HandlerThread:1757 [handler.py:handle_request():158] handle_request: status_report
2024-05-30 10:53:07,046 DEBUG   HandlerThread:1757 [handler.py:handle_request():158] handle_request: status_report
2024-05-30 10:53:09,972 DEBUG   HandlerThread:1757 [handler.py:handle_request():158] handle_request: status_report
2024-05-30 10:53:12,068 DEBUG   HandlerThread:1757 [handler.py:handle_request():158] handle_request: status_report
2024-05-30 10:53:14,988 DEBUG   HandlerThread:1757 [handler.py:handle_request():158] handle_request: status_report
2024-05-30 10:53:17,087 DEBUG   HandlerThread:1757 [handler.py:handle_request():158] handle_request: status_report
2024-05-30 10:53:20,005 DEBUG   HandlerThread:1757 [handler.py:handle_request():158] handle_request: status_report
2024-05-30 10:53:22,098 DEBUG   HandlerThread:1757 [handler.py:handle_request():158] handle_request: status_report
2024-05-30 10:53:25,024 DEBUG   HandlerThread:1757 [handler.py:handle_request():158] handle_request: status_report
2024-05-30 10:53:27,114 DEBUG   HandlerThread:1757 [handler.py:handle_request():158] handle_request: status_report
2024-05-30 10:53:30,047 DEBUG   HandlerThread:1757 [handler.py:handle_request():158] handle_request: status_report
2024-05-30 10:53:32,137 DEBUG   HandlerThread:1757 [handler.py:handle_request():158] handle_request: status_report
2024-05-30 10:53:35,072 DEBUG   HandlerThread:1757 [handler.py:handle_request():158] handle_request: status_report
2024-05-30 10:53:37,155 DEBUG   HandlerThread:1757 [handler.py:handle_request():158] handle_request: status_report
2024-05-30 10:53:40,094 DEBUG   HandlerThread:1757 [handler.py:handle_request():158] handle_request: status_report
2024-05-30 10:53:42,175 DEBUG   HandlerThread:1757 [handler.py:handle_request():158] handle_request: status_report
2024-05-30 10:53:45,112 DEBUG   HandlerThread:1757 [handler.py:handle_request():158] handle_request: status_report
2024-05-30 10:53:47,197 DEBUG   HandlerThread:1757 [handler.py:handle_request():158] handle_request: status_report
2024-05-30 10:53:50,134 DEBUG   HandlerThread:1757 [handler.py:handle_request():158] handle_request: status_report
2024-05-30 10:53:52,216 DEBUG   HandlerThread:1757 [handler.py:handle_request():158] handle_request: status_report
2024-05-30 10:53:55,154 DEBUG   HandlerThread:1757 [handler.py:handle_request():158] handle_request: status_report
2024-05-30 10:53:57,239 DEBUG   HandlerThread:1757 [handler.py:handle_request():158] handle_request: status_report
2024-05-30 10:54:00,173 DEBUG   HandlerThread:1757 [handler.py:handle_request():158] handle_request: status_report
2024-05-30 10:54:02,263 DEBUG   HandlerThread:1757 [handler.py:handle_request():158] handle_request: status_report
2024-05-30 10:54:05,193 DEBUG   HandlerThread:1757 [handler.py:handle_request():158] handle_request: status_report
2024-05-30 10:54:07,283 DEBUG   HandlerThread:1757 [handler.py:handle_request():158] handle_request: status_report
2024-05-30 10:54:10,215 DEBUG   HandlerThread:1757 [handler.py:handle_request():158] handle_request: status_report
2024-05-30 10:54:12,307 DEBUG   HandlerThread:1757 [handler.py:handle_request():158] handle_request: status_report
2024-05-30 10:54:15,240 DEBUG   HandlerThread:1757 [handler.py:handle_request():158] handle_request: status_report
2024-05-30 10:54:17,329 DEBUG   HandlerThread:1757 [handler.py:handle_request():158] handle_request: status_report
2024-05-30 10:54:20,261 DEBUG   HandlerThread:1757 [handler.py:handle_request():158] handle_request: status_report
2024-05-30 10:54:22,352 DEBUG   HandlerThread:1757 [handler.py:handle_request():158] handle_request: status_report
2024-05-30 10:54:25,282 DEBUG   HandlerThread:1757 [handler.py:handle_request():158] handle_request: status_report
2024-05-30 10:54:27,376 DEBUG   HandlerThread:1757 [handler.py:handle_request():158] handle_request: status_report
2024-05-30 10:54:30,303 DEBUG   HandlerThread:1757 [handler.py:handle_request():158] handle_request: status_report
2024-05-30 10:54:32,401 DEBUG   HandlerThread:1757 [handler.py:handle_request():158] handle_request: status_report
2024-05-30 10:54:35,327 DEBUG   HandlerThread:1757 [handler.py:handle_request():158] handle_request: status_report
2024-05-30 10:54:37,426 DEBUG   HandlerThread:1757 [handler.py:handle_request():158] handle_request: status_report
2024-05-30 10:54:40,343 DEBUG   HandlerThread:1757 [handler.py:handle_request():158] handle_request: status_report
2024-05-30 10:54:42,445 DEBUG   HandlerThread:1757 [handler.py:handle_request():158] handle_request: status_report
2024-05-30 10:54:45,363 DEBUG   HandlerThread:1757 [handler.py:handle_request():158] handle_request: status_report
2024-05-30 10:54:47,466 DEBUG   HandlerThread:1757 [handler.py:handle_request():158] handle_request: status_report
2024-05-30 10:54:50,380 DEBUG   HandlerThread:1757 [handler.py:handle_request():158] handle_request: status_report
2024-05-30 10:54:52,490 DEBUG   HandlerThread:1757 [handler.py:handle_request():158] handle_request: status_report
2024-05-30 10:54:55,402 DEBUG   HandlerThread:1757 [handler.py:handle_request():158] handle_request: status_report
2024-05-30 10:54:57,505 DEBUG   HandlerThread:1757 [handler.py:handle_request():158] handle_request: status_report
2024-05-30 10:55:00,415 DEBUG   HandlerThread:1757 [handler.py:handle_request():158] handle_request: status_report
2024-05-30 10:55:02,521 DEBUG   HandlerThread:1757 [handler.py:handle_request():158] handle_request: status_report
2024-05-30 10:55:05,435 DEBUG   HandlerThread:1757 [handler.py:handle_request():158] handle_request: status_report
2024-05-30 10:55:07,538 DEBUG   HandlerThread:1757 [handler.py:handle_request():158] handle_request: status_report
2024-05-30 10:55:10,456 DEBUG   HandlerThread:1757 [handler.py:handle_request():158] handle_request: status_report
2024-05-30 10:55:12,559 DEBUG   HandlerThread:1757 [handler.py:handle_request():158] handle_request: status_report
2024-05-30 10:55:15,471 DEBUG   HandlerThread:1757 [handler.py:handle_request():158] handle_request: status_report
2024-05-30 10:55:17,580 DEBUG   HandlerThread:1757 [handler.py:handle_request():158] handle_request: status_report
2024-05-30 10:55:20,490 DEBUG   HandlerThread:1757 [handler.py:handle_request():158] handle_request: status_report
2024-05-30 10:55:22,596 DEBUG   HandlerThread:1757 [handler.py:handle_request():158] handle_request: status_report
2024-05-30 10:55:25,505 DEBUG   HandlerThread:1757 [handler.py:handle_request():158] handle_request: status_report
2024-05-30 10:55:27,612 DEBUG   HandlerThread:1757 [handler.py:handle_request():158] handle_request: status_report
2024-05-30 10:55:30,524 DEBUG   HandlerThread:1757 [handler.py:handle_request():158] handle_request: status_report
2024-05-30 10:55:32,627 DEBUG   HandlerThread:1757 [handler.py:handle_request():158] handle_request: status_report
2024-05-30 10:55:35,546 DEBUG   HandlerThread:1757 [handler.py:handle_request():158] handle_request: status_report
2024-05-30 10:55:37,648 DEBUG   HandlerThread:1757 [handler.py:handle_request():158] handle_request: status_report
2024-05-30 10:55:40,569 DEBUG   HandlerThread:1757 [handler.py:handle_request():158] handle_request: status_report
2024-05-30 10:55:42,670 DEBUG   HandlerThread:1757 [handler.py:handle_request():158] handle_request: status_report
2024-05-30 10:55:45,582 DEBUG   HandlerThread:1757 [handler.py:handle_request():158] handle_request: status_report
2024-05-30 10:55:47,685 DEBUG   HandlerThread:1757 [handler.py:handle_request():158] handle_request: status_report
2024-05-30 10:55:50,602 DEBUG   HandlerThread:1757 [handler.py:handle_request():158] handle_request: status_report
2024-05-30 10:55:52,707 DEBUG   HandlerThread:1757 [handler.py:handle_request():158] handle_request: status_report
2024-05-30 10:55:55,624 DEBUG   HandlerThread:1757 [handler.py:handle_request():158] handle_request: status_report
2024-05-30 10:55:57,725 DEBUG   HandlerThread:1757 [handler.py:handle_request():158] handle_request: status_report
2024-05-30 10:56:00,634 DEBUG   HandlerThread:1757 [handler.py:handle_request():158] handle_request: status_report
2024-05-30 10:56:02,745 DEBUG   HandlerThread:1757 [handler.py:handle_request():158] handle_request: status_report
2024-05-30 10:56:05,653 DEBUG   HandlerThread:1757 [handler.py:handle_request():158] handle_request: status_report
2024-05-30 10:56:07,770 DEBUG   HandlerThread:1757 [handler.py:handle_request():158] handle_request: status_report
2024-05-30 10:56:10,671 DEBUG   HandlerThread:1757 [handler.py:handle_request():158] handle_request: status_report
2024-05-30 10:56:12,789 DEBUG   HandlerThread:1757 [handler.py:handle_request():158] handle_request: status_report
2024-05-30 10:56:15,685 DEBUG   HandlerThread:1757 [handler.py:handle_request():158] handle_request: status_report
2024-05-30 10:56:17,802 DEBUG   HandlerThread:1757 [handler.py:handle_request():158] handle_request: status_report
2024-05-30 10:56:20,709 DEBUG   HandlerThread:1757 [handler.py:handle_request():158] handle_request: status_report
2024-05-30 10:56:22,824 DEBUG   HandlerThread:1757 [handler.py:handle_request():158] handle_request: status_report
2024-05-30 10:56:25,729 DEBUG   HandlerThread:1757 [handler.py:handle_request():158] handle_request: status_report
2024-05-30 10:56:27,840 DEBUG   HandlerThread:1757 [handler.py:handle_request():158] handle_request: status_report
2024-05-30 10:56:30,744 DEBUG   HandlerThread:1757 [handler.py:handle_request():158] handle_request: status_report
2024-05-30 10:56:32,860 DEBUG   HandlerThread:1757 [handler.py:handle_request():158] handle_request: status_report
2024-05-30 10:56:35,768 DEBUG   HandlerThread:1757 [handler.py:handle_request():158] handle_request: status_report
2024-05-30 10:56:37,880 DEBUG   HandlerThread:1757 [handler.py:handle_request():158] handle_request: status_report
2024-05-30 10:56:40,780 DEBUG   HandlerThread:1757 [handler.py:handle_request():158] handle_request: status_report
2024-05-30 10:56:42,896 DEBUG   HandlerThread:1757 [handler.py:handle_request():158] handle_request: status_report
2024-05-30 10:56:45,801 DEBUG   HandlerThread:1757 [handler.py:handle_request():158] handle_request: status_report
2024-05-30 10:56:47,922 DEBUG   HandlerThread:1757 [handler.py:handle_request():158] handle_request: status_report
2024-05-30 10:56:50,822 DEBUG   HandlerThread:1757 [handler.py:handle_request():158] handle_request: status_report
2024-05-30 10:56:52,936 DEBUG   HandlerThread:1757 [handler.py:handle_request():158] handle_request: status_report
2024-05-30 10:56:55,834 DEBUG   HandlerThread:1757 [handler.py:handle_request():158] handle_request: status_report
2024-05-30 10:56:57,952 DEBUG   HandlerThread:1757 [handler.py:handle_request():158] handle_request: status_report
2024-05-30 10:57:00,852 DEBUG   HandlerThread:1757 [handler.py:handle_request():158] handle_request: status_report
2024-05-30 10:57:02,970 DEBUG   HandlerThread:1757 [handler.py:handle_request():158] handle_request: status_report
2024-05-30 10:57:05,873 DEBUG   HandlerThread:1757 [handler.py:handle_request():158] handle_request: status_report
2024-05-30 10:57:07,987 DEBUG   HandlerThread:1757 [handler.py:handle_request():158] handle_request: status_report
2024-05-30 10:57:10,888 DEBUG   HandlerThread:1757 [handler.py:handle_request():158] handle_request: status_report
2024-05-30 10:57:13,009 DEBUG   HandlerThread:1757 [handler.py:handle_request():158] handle_request: status_report
2024-05-30 10:57:15,904 DEBUG   HandlerThread:1757 [handler.py:handle_request():158] handle_request: status_report
2024-05-30 10:57:18,022 DEBUG   HandlerThread:1757 [handler.py:handle_request():158] handle_request: status_report
2024-05-30 10:57:20,919 DEBUG   HandlerThread:1757 [handler.py:handle_request():158] handle_request: status_report
2024-05-30 10:57:23,034 DEBUG   HandlerThread:1757 [handler.py:handle_request():158] handle_request: status_report
2024-05-30 10:57:25,929 DEBUG   HandlerThread:1757 [handler.py:handle_request():158] handle_request: status_report
2024-05-30 10:57:28,055 DEBUG   HandlerThread:1757 [handler.py:handle_request():158] handle_request: status_report
2024-05-30 10:57:30,949 DEBUG   HandlerThread:1757 [handler.py:handle_request():158] handle_request: status_report
2024-05-30 10:57:33,075 DEBUG   HandlerThread:1757 [handler.py:handle_request():158] handle_request: status_report
2024-05-30 10:57:35,969 DEBUG   HandlerThread:1757 [handler.py:handle_request():158] handle_request: status_report
2024-05-30 10:57:38,097 DEBUG   HandlerThread:1757 [handler.py:handle_request():158] handle_request: status_report
2024-05-30 10:57:40,987 DEBUG   HandlerThread:1757 [handler.py:handle_request():158] handle_request: status_report
2024-05-30 10:57:43,117 DEBUG   HandlerThread:1757 [handler.py:handle_request():158] handle_request: status_report
2024-05-30 10:57:45,996 DEBUG   HandlerThread:1757 [handler.py:handle_request():158] handle_request: status_report
2024-05-30 10:57:48,138 DEBUG   HandlerThread:1757 [handler.py:handle_request():158] handle_request: status_report
2024-05-30 10:57:51,014 DEBUG   HandlerThread:1757 [handler.py:handle_request():158] handle_request: status_report
2024-05-30 10:57:53,149 DEBUG   HandlerThread:1757 [handler.py:handle_request():158] handle_request: status_report
2024-05-30 10:57:56,029 DEBUG   HandlerThread:1757 [handler.py:handle_request():158] handle_request: status_report
2024-05-30 10:57:58,166 DEBUG   HandlerThread:1757 [handler.py:handle_request():158] handle_request: status_report
2024-05-30 10:58:01,044 DEBUG   HandlerThread:1757 [handler.py:handle_request():158] handle_request: status_report
2024-05-30 10:58:03,185 DEBUG   HandlerThread:1757 [handler.py:handle_request():158] handle_request: status_report
2024-05-30 10:58:06,063 DEBUG   HandlerThread:1757 [handler.py:handle_request():158] handle_request: status_report
2024-05-30 10:58:08,203 DEBUG   HandlerThread:1757 [handler.py:handle_request():158] handle_request: status_report
2024-05-30 10:58:11,086 DEBUG   HandlerThread:1757 [handler.py:handle_request():158] handle_request: status_report
2024-05-30 10:58:13,219 DEBUG   HandlerThread:1757 [handler.py:handle_request():158] handle_request: status_report
2024-05-30 10:58:16,108 DEBUG   HandlerThread:1757 [handler.py:handle_request():158] handle_request: status_report
2024-05-30 10:58:18,231 DEBUG   HandlerThread:1757 [handler.py:handle_request():158] handle_request: status_report
2024-05-30 10:58:21,127 DEBUG   HandlerThread:1757 [handler.py:handle_request():158] handle_request: status_report
2024-05-30 10:58:23,247 DEBUG   HandlerThread:1757 [handler.py:handle_request():158] handle_request: status_report
2024-05-30 10:58:26,139 DEBUG   HandlerThread:1757 [handler.py:handle_request():158] handle_request: status_report
2024-05-30 10:58:28,260 DEBUG   HandlerThread:1757 [handler.py:handle_request():158] handle_request: status_report
2024-05-30 10:58:31,159 DEBUG   HandlerThread:1757 [handler.py:handle_request():158] handle_request: status_report
2024-05-30 10:58:33,283 DEBUG   HandlerThread:1757 [handler.py:handle_request():158] handle_request: status_report
2024-05-30 10:58:36,174 DEBUG   HandlerThread:1757 [handler.py:handle_request():158] handle_request: status_report
2024-05-30 10:58:38,302 DEBUG   HandlerThread:1757 [handler.py:handle_request():158] handle_request: status_report
2024-05-30 10:58:41,191 DEBUG   HandlerThread:1757 [handler.py:handle_request():158] handle_request: status_report
2024-05-30 10:58:43,317 DEBUG   HandlerThread:1757 [handler.py:handle_request():158] handle_request: status_report
2024-05-30 10:58:46,208 DEBUG   HandlerThread:1757 [handler.py:handle_request():158] handle_request: status_report
2024-05-30 10:58:48,337 DEBUG   HandlerThread:1757 [handler.py:handle_request():158] handle_request: status_report
2024-05-30 10:58:51,227 DEBUG   HandlerThread:1757 [handler.py:handle_request():158] handle_request: status_report
2024-05-30 10:58:53,360 DEBUG   HandlerThread:1757 [handler.py:handle_request():158] handle_request: status_report
2024-05-30 10:58:56,246 DEBUG   HandlerThread:1757 [handler.py:handle_request():158] handle_request: status_report
2024-05-30 10:58:58,380 DEBUG   HandlerThread:1757 [handler.py:handle_request():158] handle_request: status_report
2024-05-30 10:59:01,268 DEBUG   HandlerThread:1757 [handler.py:handle_request():158] handle_request: status_report
2024-05-30 10:59:03,400 DEBUG   HandlerThread:1757 [handler.py:handle_request():158] handle_request: status_report
2024-05-30 10:59:06,281 DEBUG   HandlerThread:1757 [handler.py:handle_request():158] handle_request: status_report
2024-05-30 10:59:08,417 DEBUG   HandlerThread:1757 [handler.py:handle_request():158] handle_request: status_report
2024-05-30 10:59:11,300 DEBUG   HandlerThread:1757 [handler.py:handle_request():158] handle_request: status_report
2024-05-30 10:59:13,430 DEBUG   HandlerThread:1757 [handler.py:handle_request():158] handle_request: status_report
2024-05-30 10:59:16,319 DEBUG   HandlerThread:1757 [handler.py:handle_request():158] handle_request: status_report
2024-05-30 10:59:18,445 DEBUG   HandlerThread:1757 [handler.py:handle_request():158] handle_request: status_report
2024-05-30 10:59:21,338 DEBUG   HandlerThread:1757 [handler.py:handle_request():158] handle_request: status_report
2024-05-30 10:59:23,466 DEBUG   HandlerThread:1757 [handler.py:handle_request():158] handle_request: status_report
2024-05-30 10:59:26,360 DEBUG   HandlerThread:1757 [handler.py:handle_request():158] handle_request: status_report
2024-05-30 10:59:28,482 DEBUG   HandlerThread:1757 [handler.py:handle_request():158] handle_request: status_report
2024-05-30 10:59:31,380 DEBUG   HandlerThread:1757 [handler.py:handle_request():158] handle_request: status_report
2024-05-30 10:59:33,502 DEBUG   HandlerThread:1757 [handler.py:handle_request():158] handle_request: status_report
2024-05-30 10:59:36,395 DEBUG   HandlerThread:1757 [handler.py:handle_request():158] handle_request: status_report
2024-05-30 10:59:38,526 DEBUG   HandlerThread:1757 [handler.py:handle_request():158] handle_request: status_report
2024-05-30 10:59:41,416 DEBUG   HandlerThread:1757 [handler.py:handle_request():158] handle_request: status_report
2024-05-30 10:59:43,538 DEBUG   HandlerThread:1757 [handler.py:handle_request():158] handle_request: status_report
2024-05-30 10:59:46,435 DEBUG   HandlerThread:1757 [handler.py:handle_request():158] handle_request: status_report
2024-05-30 10:59:48,558 DEBUG   HandlerThread:1757 [handler.py:handle_request():158] handle_request: status_report
2024-05-30 10:59:51,455 DEBUG   HandlerThread:1757 [handler.py:handle_request():158] handle_request: status_report
2024-05-30 10:59:53,569 DEBUG   HandlerThread:1757 [handler.py:handle_request():158] handle_request: status_report
2024-05-30 10:59:56,471 DEBUG   HandlerThread:1757 [handler.py:handle_request():158] handle_request: status_report
2024-05-30 10:59:58,586 DEBUG   HandlerThread:1757 [handler.py:handle_request():158] handle_request: status_report
2024-05-30 11:00:01,481 DEBUG   HandlerThread:1757 [handler.py:handle_request():158] handle_request: status_report
2024-05-30 11:00:03,596 DEBUG   HandlerThread:1757 [handler.py:handle_request():158] handle_request: status_report
2024-05-30 11:00:06,502 DEBUG   HandlerThread:1757 [handler.py:handle_request():158] handle_request: status_report
2024-05-30 11:00:08,605 DEBUG   HandlerThread:1757 [handler.py:handle_request():158] handle_request: status_report
2024-05-30 11:00:11,517 DEBUG   HandlerThread:1757 [handler.py:handle_request():158] handle_request: status_report
2024-05-30 11:00:13,620 DEBUG   HandlerThread:1757 [handler.py:handle_request():158] handle_request: status_report
2024-05-30 11:00:16,533 DEBUG   HandlerThread:1757 [handler.py:handle_request():158] handle_request: status_report
2024-05-30 11:00:18,633 DEBUG   HandlerThread:1757 [handler.py:handle_request():158] handle_request: status_report
2024-05-30 11:00:21,551 DEBUG   HandlerThread:1757 [handler.py:handle_request():158] handle_request: status_report
2024-05-30 11:00:23,653 DEBUG   HandlerThread:1757 [handler.py:handle_request():158] handle_request: status_report
2024-05-30 11:00:26,570 DEBUG   HandlerThread:1757 [handler.py:handle_request():158] handle_request: status_report
2024-05-30 11:00:28,677 DEBUG   HandlerThread:1757 [handler.py:handle_request():158] handle_request: status_report
2024-05-30 11:00:31,591 DEBUG   HandlerThread:1757 [handler.py:handle_request():158] handle_request: status_report
2024-05-30 11:00:33,695 DEBUG   HandlerThread:1757 [handler.py:handle_request():158] handle_request: status_report
2024-05-30 11:00:36,608 DEBUG   HandlerThread:1757 [handler.py:handle_request():158] handle_request: status_report
2024-05-30 11:00:38,712 DEBUG   HandlerThread:1757 [handler.py:handle_request():158] handle_request: status_report
2024-05-30 11:00:41,621 DEBUG   HandlerThread:1757 [handler.py:handle_request():158] handle_request: status_report
2024-05-30 11:00:43,731 DEBUG   HandlerThread:1757 [handler.py:handle_request():158] handle_request: status_report
2024-05-30 11:00:46,636 DEBUG   HandlerThread:1757 [handler.py:handle_request():158] handle_request: status_report
2024-05-30 11:00:48,748 DEBUG   HandlerThread:1757 [handler.py:handle_request():158] handle_request: status_report
2024-05-30 11:00:51,658 DEBUG   HandlerThread:1757 [handler.py:handle_request():158] handle_request: status_report
2024-05-30 11:00:53,763 DEBUG   HandlerThread:1757 [handler.py:handle_request():158] handle_request: status_report
2024-05-30 11:00:56,674 DEBUG   HandlerThread:1757 [handler.py:handle_request():158] handle_request: status_report
2024-05-30 11:00:58,786 DEBUG   HandlerThread:1757 [handler.py:handle_request():158] handle_request: status_report
2024-05-30 11:01:01,691 DEBUG   HandlerThread:1757 [handler.py:handle_request():158] handle_request: status_report
2024-05-30 11:01:03,808 DEBUG   HandlerThread:1757 [handler.py:handle_request():158] handle_request: status_report
2024-05-30 11:01:06,711 DEBUG   HandlerThread:1757 [handler.py:handle_request():158] handle_request: status_report
2024-05-30 11:01:08,827 DEBUG   HandlerThread:1757 [handler.py:handle_request():158] handle_request: status_report
2024-05-30 11:01:11,726 DEBUG   HandlerThread:1757 [handler.py:handle_request():158] handle_request: status_report
2024-05-30 11:01:13,849 DEBUG   HandlerThread:1757 [handler.py:handle_request():158] handle_request: status_report
2024-05-30 11:01:16,751 DEBUG   HandlerThread:1757 [handler.py:handle_request():158] handle_request: status_report
2024-05-30 11:01:18,870 DEBUG   HandlerThread:1757 [handler.py:handle_request():158] handle_request: status_report
2024-05-30 11:01:21,769 DEBUG   HandlerThread:1757 [handler.py:handle_request():158] handle_request: status_report
2024-05-30 11:01:23,887 DEBUG   HandlerThread:1757 [handler.py:handle_request():158] handle_request: status_report
2024-05-30 11:01:26,783 DEBUG   HandlerThread:1757 [handler.py:handle_request():158] handle_request: status_report
2024-05-30 11:01:28,907 DEBUG   HandlerThread:1757 [handler.py:handle_request():158] handle_request: status_report
2024-05-30 11:01:31,801 DEBUG   HandlerThread:1757 [handler.py:handle_request():158] handle_request: status_report
2024-05-30 11:01:33,918 DEBUG   HandlerThread:1757 [handler.py:handle_request():158] handle_request: status_report
2024-05-30 11:01:36,819 DEBUG   HandlerThread:1757 [handler.py:handle_request():158] handle_request: status_report
2024-05-30 11:01:38,937 DEBUG   HandlerThread:1757 [handler.py:handle_request():158] handle_request: status_report
2024-05-30 11:01:41,835 DEBUG   HandlerThread:1757 [handler.py:handle_request():158] handle_request: status_report
2024-05-30 11:01:43,952 DEBUG   HandlerThread:1757 [handler.py:handle_request():158] handle_request: status_report
2024-05-30 11:01:46,857 DEBUG   HandlerThread:1757 [handler.py:handle_request():158] handle_request: status_report
2024-05-30 11:01:48,967 DEBUG   HandlerThread:1757 [handler.py:handle_request():158] handle_request: status_report
2024-05-30 11:01:51,874 DEBUG   HandlerThread:1757 [handler.py:handle_request():158] handle_request: status_report
2024-05-30 11:01:53,987 DEBUG   HandlerThread:1757 [handler.py:handle_request():158] handle_request: status_report
2024-05-30 11:01:56,893 DEBUG   HandlerThread:1757 [handler.py:handle_request():158] handle_request: status_report
2024-05-30 11:01:59,006 DEBUG   HandlerThread:1757 [handler.py:handle_request():158] handle_request: status_report
2024-05-30 11:02:01,916 DEBUG   HandlerThread:1757 [handler.py:handle_request():158] handle_request: status_report
2024-05-30 11:02:04,029 DEBUG   HandlerThread:1757 [handler.py:handle_request():158] handle_request: status_report
2024-05-30 11:02:06,939 DEBUG   HandlerThread:1757 [handler.py:handle_request():158] handle_request: status_report
2024-05-30 11:02:09,043 DEBUG   HandlerThread:1757 [handler.py:handle_request():158] handle_request: status_report
2024-05-30 11:02:11,957 DEBUG   HandlerThread:1757 [handler.py:handle_request():158] handle_request: status_report
2024-05-30 11:02:14,058 DEBUG   HandlerThread:1757 [handler.py:handle_request():158] handle_request: status_report
2024-05-30 11:02:16,974 DEBUG   HandlerThread:1757 [handler.py:handle_request():158] handle_request: status_report
2024-05-30 11:02:19,074 DEBUG   HandlerThread:1757 [handler.py:handle_request():158] handle_request: status_report
2024-05-30 11:02:21,998 DEBUG   HandlerThread:1757 [handler.py:handle_request():158] handle_request: status_report
2024-05-30 11:02:24,094 DEBUG   HandlerThread:1757 [handler.py:handle_request():158] handle_request: status_report
2024-05-30 11:02:27,020 DEBUG   HandlerThread:1757 [handler.py:handle_request():158] handle_request: status_report
2024-05-30 11:02:29,108 DEBUG   HandlerThread:1757 [handler.py:handle_request():158] handle_request: status_report
2024-05-30 11:02:32,039 DEBUG   HandlerThread:1757 [handler.py:handle_request():158] handle_request: status_report
2024-05-30 11:02:34,132 DEBUG   HandlerThread:1757 [handler.py:handle_request():158] handle_request: status_report
2024-05-30 11:02:37,058 DEBUG   HandlerThread:1757 [handler.py:handle_request():158] handle_request: status_report
2024-05-30 11:02:39,152 DEBUG   HandlerThread:1757 [handler.py:handle_request():158] handle_request: status_report
2024-05-30 11:02:42,073 DEBUG   HandlerThread:1757 [handler.py:handle_request():158] handle_request: status_report
2024-05-30 11:02:44,176 DEBUG   HandlerThread:1757 [handler.py:handle_request():158] handle_request: status_report
2024-05-30 11:02:47,089 DEBUG   HandlerThread:1757 [handler.py:handle_request():158] handle_request: status_report
2024-05-30 11:02:49,191 DEBUG   HandlerThread:1757 [handler.py:handle_request():158] handle_request: status_report
2024-05-30 11:02:52,101 DEBUG   HandlerThread:1757 [handler.py:handle_request():158] handle_request: status_report
2024-05-30 11:02:54,212 DEBUG   HandlerThread:1757 [handler.py:handle_request():158] handle_request: status_report
2024-05-30 11:02:57,121 DEBUG   HandlerThread:1757 [handler.py:handle_request():158] handle_request: status_report
2024-05-30 11:02:59,230 DEBUG   HandlerThread:1757 [handler.py:handle_request():158] handle_request: status_report
2024-05-30 11:03:02,141 DEBUG   HandlerThread:1757 [handler.py:handle_request():158] handle_request: status_report
2024-05-30 11:03:04,244 DEBUG   HandlerThread:1757 [handler.py:handle_request():158] handle_request: status_report
2024-05-30 11:03:07,160 DEBUG   HandlerThread:1757 [handler.py:handle_request():158] handle_request: status_report
2024-05-30 11:03:09,258 DEBUG   HandlerThread:1757 [handler.py:handle_request():158] handle_request: status_report
2024-05-30 11:03:12,178 DEBUG   HandlerThread:1757 [handler.py:handle_request():158] handle_request: status_report
2024-05-30 11:03:14,279 DEBUG   HandlerThread:1757 [handler.py:handle_request():158] handle_request: status_report
2024-05-30 11:03:17,195 DEBUG   HandlerThread:1757 [handler.py:handle_request():158] handle_request: status_report
2024-05-30 11:03:19,300 DEBUG   HandlerThread:1757 [handler.py:handle_request():158] handle_request: status_report
2024-05-30 11:03:22,214 DEBUG   HandlerThread:1757 [handler.py:handle_request():158] handle_request: status_report
2024-05-30 11:03:24,317 DEBUG   HandlerThread:1757 [handler.py:handle_request():158] handle_request: status_report
2024-05-30 11:03:27,232 DEBUG   HandlerThread:1757 [handler.py:handle_request():158] handle_request: status_report
2024-05-30 11:03:29,335 DEBUG   HandlerThread:1757 [handler.py:handle_request():158] handle_request: status_report
2024-05-30 11:03:32,253 DEBUG   HandlerThread:1757 [handler.py:handle_request():158] handle_request: status_report
2024-05-30 11:03:34,359 DEBUG   HandlerThread:1757 [handler.py:handle_request():158] handle_request: status_report
2024-05-30 11:03:37,274 DEBUG   HandlerThread:1757 [handler.py:handle_request():158] handle_request: status_report
2024-05-30 11:03:39,378 DEBUG   HandlerThread:1757 [handler.py:handle_request():158] handle_request: status_report
2024-05-30 11:03:42,290 DEBUG   HandlerThread:1757 [handler.py:handle_request():158] handle_request: status_report
2024-05-30 11:03:44,393 DEBUG   HandlerThread:1757 [handler.py:handle_request():158] handle_request: status_report
2024-05-30 11:03:47,305 DEBUG   HandlerThread:1757 [handler.py:handle_request():158] handle_request: status_report
2024-05-30 11:03:49,414 DEBUG   HandlerThread:1757 [handler.py:handle_request():158] handle_request: status_report
2024-05-30 11:03:52,318 DEBUG   HandlerThread:1757 [handler.py:handle_request():158] handle_request: status_report
2024-05-30 11:03:54,432 DEBUG   HandlerThread:1757 [handler.py:handle_request():158] handle_request: status_report
2024-05-30 11:03:57,341 DEBUG   HandlerThread:1757 [handler.py:handle_request():158] handle_request: status_report
2024-05-30 11:03:59,450 DEBUG   HandlerThread:1757 [handler.py:handle_request():158] handle_request: status_report
2024-05-30 11:04:02,363 DEBUG   HandlerThread:1757 [handler.py:handle_request():158] handle_request: status_report
2024-05-30 11:04:04,469 DEBUG   HandlerThread:1757 [handler.py:handle_request():158] handle_request: status_report
2024-05-30 11:04:07,382 DEBUG   HandlerThread:1757 [handler.py:handle_request():158] handle_request: status_report
2024-05-30 11:04:09,488 DEBUG   HandlerThread:1757 [handler.py:handle_request():158] handle_request: status_report
2024-05-30 11:04:12,403 DEBUG   HandlerThread:1757 [handler.py:handle_request():158] handle_request: status_report
2024-05-30 11:04:14,508 DEBUG   HandlerThread:1757 [handler.py:handle_request():158] handle_request: status_report
2024-05-30 11:04:17,419 DEBUG   HandlerThread:1757 [handler.py:handle_request():158] handle_request: status_report
2024-05-30 11:04:19,529 DEBUG   HandlerThread:1757 [handler.py:handle_request():158] handle_request: status_report
2024-05-30 11:04:22,442 DEBUG   HandlerThread:1757 [handler.py:handle_request():158] handle_request: status_report
2024-05-30 11:04:24,554 DEBUG   HandlerThread:1757 [handler.py:handle_request():158] handle_request: status_report
2024-05-30 11:04:27,457 DEBUG   HandlerThread:1757 [handler.py:handle_request():158] handle_request: status_report
2024-05-30 11:04:29,577 DEBUG   HandlerThread:1757 [handler.py:handle_request():158] handle_request: status_report
2024-05-30 11:04:32,481 DEBUG   HandlerThread:1757 [handler.py:handle_request():158] handle_request: status_report
2024-05-30 11:04:34,599 DEBUG   HandlerThread:1757 [handler.py:handle_request():158] handle_request: status_report
2024-05-30 11:04:37,502 DEBUG   HandlerThread:1757 [handler.py:handle_request():158] handle_request: status_report
2024-05-30 11:04:39,622 DEBUG   HandlerThread:1757 [handler.py:handle_request():158] handle_request: status_report
2024-05-30 11:04:42,518 DEBUG   HandlerThread:1757 [handler.py:handle_request():158] handle_request: status_report
2024-05-30 11:04:44,637 DEBUG   HandlerThread:1757 [handler.py:handle_request():158] handle_request: status_report
2024-05-30 11:04:47,540 DEBUG   HandlerThread:1757 [handler.py:handle_request():158] handle_request: status_report
2024-05-30 11:04:49,654 DEBUG   HandlerThread:1757 [handler.py:handle_request():158] handle_request: status_report
2024-05-30 11:04:52,562 DEBUG   HandlerThread:1757 [handler.py:handle_request():158] handle_request: status_report
2024-05-30 11:04:54,669 DEBUG   HandlerThread:1757 [handler.py:handle_request():158] handle_request: status_report
2024-05-30 11:04:57,583 DEBUG   HandlerThread:1757 [handler.py:handle_request():158] handle_request: status_report
2024-05-30 11:04:59,684 DEBUG   HandlerThread:1757 [handler.py:handle_request():158] handle_request: status_report
2024-05-30 11:05:02,607 DEBUG   HandlerThread:1757 [handler.py:handle_request():158] handle_request: status_report
2024-05-30 11:05:04,703 DEBUG   HandlerThread:1757 [handler.py:handle_request():158] handle_request: status_report
2024-05-30 11:05:07,627 DEBUG   HandlerThread:1757 [handler.py:handle_request():158] handle_request: status_report
2024-05-30 11:05:09,727 DEBUG   HandlerThread:1757 [handler.py:handle_request():158] handle_request: status_report
2024-05-30 11:05:12,648 DEBUG   HandlerThread:1757 [handler.py:handle_request():158] handle_request: status_report
2024-05-30 11:05:14,750 DEBUG   HandlerThread:1757 [handler.py:handle_request():158] handle_request: status_report
2024-05-30 11:05:17,669 DEBUG   HandlerThread:1757 [handler.py:handle_request():158] handle_request: status_report
2024-05-30 11:05:19,767 DEBUG   HandlerThread:1757 [handler.py:handle_request():158] handle_request: status_report
2024-05-30 11:05:22,687 DEBUG   HandlerThread:1757 [handler.py:handle_request():158] handle_request: status_report
2024-05-30 11:05:24,779 DEBUG   HandlerThread:1757 [handler.py:handle_request():158] handle_request: status_report
2024-05-30 11:05:27,707 DEBUG   HandlerThread:1757 [handler.py:handle_request():158] handle_request: status_report
2024-05-30 11:05:29,796 DEBUG   HandlerThread:1757 [handler.py:handle_request():158] handle_request: status_report
2024-05-30 11:05:32,731 DEBUG   HandlerThread:1757 [handler.py:handle_request():158] handle_request: status_report
2024-05-30 11:05:34,814 DEBUG   HandlerThread:1757 [handler.py:handle_request():158] handle_request: status_report
2024-05-30 11:05:37,749 DEBUG   HandlerThread:1757 [handler.py:handle_request():158] handle_request: status_report
2024-05-30 11:05:39,829 DEBUG   HandlerThread:1757 [handler.py:handle_request():158] handle_request: status_report
2024-05-30 11:05:42,767 DEBUG   HandlerThread:1757 [handler.py:handle_request():158] handle_request: status_report
2024-05-30 11:05:44,847 DEBUG   HandlerThread:1757 [handler.py:handle_request():158] handle_request: status_report
2024-05-30 11:05:47,785 DEBUG   HandlerThread:1757 [handler.py:handle_request():158] handle_request: status_report
2024-05-30 11:05:49,867 DEBUG   HandlerThread:1757 [handler.py:handle_request():158] handle_request: status_report
2024-05-30 11:05:52,802 DEBUG   HandlerThread:1757 [handler.py:handle_request():158] handle_request: status_report
2024-05-30 11:05:54,886 DEBUG   HandlerThread:1757 [handler.py:handle_request():158] handle_request: status_report
2024-05-30 11:05:57,823 DEBUG   HandlerThread:1757 [handler.py:handle_request():158] handle_request: status_report
2024-05-30 11:05:59,899 DEBUG   HandlerThread:1757 [handler.py:handle_request():158] handle_request: status_report
2024-05-30 11:06:02,844 DEBUG   HandlerThread:1757 [handler.py:handle_request():158] handle_request: status_report
2024-05-30 11:06:04,921 DEBUG   HandlerThread:1757 [handler.py:handle_request():158] handle_request: status_report
2024-05-30 11:06:07,863 DEBUG   HandlerThread:1757 [handler.py:handle_request():158] handle_request: status_report
2024-05-30 11:06:09,942 DEBUG   HandlerThread:1757 [handler.py:handle_request():158] handle_request: status_report
2024-05-30 11:06:12,881 DEBUG   HandlerThread:1757 [handler.py:handle_request():158] handle_request: status_report
2024-05-30 11:06:14,965 DEBUG   HandlerThread:1757 [handler.py:handle_request():158] handle_request: status_report
2024-05-30 11:06:17,899 DEBUG   HandlerThread:1757 [handler.py:handle_request():158] handle_request: status_report
2024-05-30 11:06:19,986 DEBUG   HandlerThread:1757 [handler.py:handle_request():158] handle_request: status_report
2024-05-30 11:06:22,914 DEBUG   HandlerThread:1757 [handler.py:handle_request():158] handle_request: status_report
2024-05-30 11:06:25,007 DEBUG   HandlerThread:1757 [handler.py:handle_request():158] handle_request: status_report
2024-05-30 11:06:27,931 DEBUG   HandlerThread:1757 [handler.py:handle_request():158] handle_request: status_report
2024-05-30 11:06:30,027 DEBUG   HandlerThread:1757 [handler.py:handle_request():158] handle_request: status_report
2024-05-30 11:06:32,949 DEBUG   HandlerThread:1757 [handler.py:handle_request():158] handle_request: status_report
2024-05-30 11:06:35,041 DEBUG   HandlerThread:1757 [handler.py:handle_request():158] handle_request: status_report
2024-05-30 11:06:37,960 DEBUG   HandlerThread:1757 [handler.py:handle_request():158] handle_request: status_report
2024-05-30 11:06:40,060 DEBUG   HandlerThread:1757 [handler.py:handle_request():158] handle_request: status_report
2024-05-30 11:06:42,972 DEBUG   HandlerThread:1757 [handler.py:handle_request():158] handle_request: status_report
2024-05-30 11:06:45,079 DEBUG   HandlerThread:1757 [handler.py:handle_request():158] handle_request: status_report
2024-05-30 11:06:47,985 DEBUG   HandlerThread:1757 [handler.py:handle_request():158] handle_request: status_report
2024-05-30 11:06:50,094 DEBUG   HandlerThread:1757 [handler.py:handle_request():158] handle_request: status_report
2024-05-30 11:06:53,008 DEBUG   HandlerThread:1757 [handler.py:handle_request():158] handle_request: status_report
2024-05-30 11:06:55,111 DEBUG   HandlerThread:1757 [handler.py:handle_request():158] handle_request: status_report
2024-05-30 11:06:58,024 DEBUG   HandlerThread:1757 [handler.py:handle_request():158] handle_request: status_report
2024-05-30 11:07:00,126 DEBUG   HandlerThread:1757 [handler.py:handle_request():158] handle_request: status_report
2024-05-30 11:07:03,041 DEBUG   HandlerThread:1757 [handler.py:handle_request():158] handle_request: status_report
2024-05-30 11:07:05,148 DEBUG   HandlerThread:1757 [handler.py:handle_request():158] handle_request: status_report
2024-05-30 11:07:08,061 DEBUG   HandlerThread:1757 [handler.py:handle_request():158] handle_request: status_report
2024-05-30 11:07:10,163 DEBUG   HandlerThread:1757 [handler.py:handle_request():158] handle_request: status_report
2024-05-30 11:07:13,077 DEBUG   HandlerThread:1757 [handler.py:handle_request():158] handle_request: status_report
2024-05-30 11:07:15,180 DEBUG   HandlerThread:1757 [handler.py:handle_request():158] handle_request: status_report
2024-05-30 11:07:18,091 DEBUG   HandlerThread:1757 [handler.py:handle_request():158] handle_request: status_report
2024-05-30 11:07:20,198 DEBUG   HandlerThread:1757 [handler.py:handle_request():158] handle_request: status_report
2024-05-30 11:07:23,108 DEBUG   HandlerThread:1757 [handler.py:handle_request():158] handle_request: status_report
2024-05-30 11:07:25,221 DEBUG   HandlerThread:1757 [handler.py:handle_request():158] handle_request: status_report
2024-05-30 11:07:28,133 DEBUG   HandlerThread:1757 [handler.py:handle_request():158] handle_request: status_report
2024-05-30 11:07:30,238 DEBUG   HandlerThread:1757 [handler.py:handle_request():158] handle_request: status_report
2024-05-30 11:07:33,152 DEBUG   HandlerThread:1757 [handler.py:handle_request():158] handle_request: status_report
2024-05-30 11:07:35,255 DEBUG   HandlerThread:1757 [handler.py:handle_request():158] handle_request: status_report
2024-05-30 11:07:38,170 DEBUG   HandlerThread:1757 [handler.py:handle_request():158] handle_request: status_report
2024-05-30 11:07:40,276 DEBUG   HandlerThread:1757 [handler.py:handle_request():158] handle_request: status_report
2024-05-30 11:07:43,188 DEBUG   HandlerThread:1757 [handler.py:handle_request():158] handle_request: status_report
2024-05-30 11:07:45,297 DEBUG   HandlerThread:1757 [handler.py:handle_request():158] handle_request: status_report
2024-05-30 11:07:48,206 DEBUG   HandlerThread:1757 [handler.py:handle_request():158] handle_request: status_report
2024-05-30 11:07:50,318 DEBUG   HandlerThread:1757 [handler.py:handle_request():158] handle_request: status_report
2024-05-30 11:07:53,227 DEBUG   HandlerThread:1757 [handler.py:handle_request():158] handle_request: status_report
2024-05-30 11:07:55,338 DEBUG   HandlerThread:1757 [handler.py:handle_request():158] handle_request: status_report
2024-05-30 11:07:58,249 DEBUG   HandlerThread:1757 [handler.py:handle_request():158] handle_request: status_report
2024-05-30 11:08:00,354 DEBUG   HandlerThread:1757 [handler.py:handle_request():158] handle_request: status_report
2024-05-30 11:08:03,268 DEBUG   HandlerThread:1757 [handler.py:handle_request():158] handle_request: status_report
2024-05-30 11:08:05,368 DEBUG   HandlerThread:1757 [handler.py:handle_request():158] handle_request: status_report
2024-05-30 11:08:08,288 DEBUG   HandlerThread:1757 [handler.py:handle_request():158] handle_request: status_report
2024-05-30 11:08:10,386 DEBUG   HandlerThread:1757 [handler.py:handle_request():158] handle_request: status_report
2024-05-30 11:08:13,302 DEBUG   HandlerThread:1757 [handler.py:handle_request():158] handle_request: status_report
2024-05-30 11:08:15,403 DEBUG   HandlerThread:1757 [handler.py:handle_request():158] handle_request: status_report
2024-05-30 11:08:18,315 DEBUG   HandlerThread:1757 [handler.py:handle_request():158] handle_request: status_report
2024-05-30 11:08:20,420 DEBUG   HandlerThread:1757 [handler.py:handle_request():158] handle_request: status_report
2024-05-30 11:08:23,336 DEBUG   HandlerThread:1757 [handler.py:handle_request():158] handle_request: status_report
2024-05-30 11:08:25,435 DEBUG   HandlerThread:1757 [handler.py:handle_request():158] handle_request: status_report
2024-05-30 11:08:28,354 DEBUG   HandlerThread:1757 [handler.py:handle_request():158] handle_request: status_report
2024-05-30 11:08:30,455 DEBUG   HandlerThread:1757 [handler.py:handle_request():158] handle_request: status_report
2024-05-30 11:08:33,368 DEBUG   HandlerThread:1757 [handler.py:handle_request():158] handle_request: status_report
2024-05-30 11:08:35,469 DEBUG   HandlerThread:1757 [handler.py:handle_request():158] handle_request: status_report
2024-05-30 11:08:38,383 DEBUG   HandlerThread:1757 [handler.py:handle_request():158] handle_request: status_report
2024-05-30 11:08:40,489 DEBUG   HandlerThread:1757 [handler.py:handle_request():158] handle_request: status_report
2024-05-30 11:08:43,398 DEBUG   HandlerThread:1757 [handler.py:handle_request():158] handle_request: status_report
2024-05-30 11:08:45,509 DEBUG   HandlerThread:1757 [handler.py:handle_request():158] handle_request: status_report
2024-05-30 11:08:48,421 DEBUG   HandlerThread:1757 [handler.py:handle_request():158] handle_request: status_report
2024-05-30 11:08:50,520 DEBUG   HandlerThread:1757 [handler.py:handle_request():158] handle_request: status_report
2024-05-30 11:08:53,442 DEBUG   HandlerThread:1757 [handler.py:handle_request():158] handle_request: status_report
2024-05-30 11:08:55,537 DEBUG   HandlerThread:1757 [handler.py:handle_request():158] handle_request: status_report
2024-05-30 11:08:58,455 DEBUG   HandlerThread:1757 [handler.py:handle_request():158] handle_request: status_report
2024-05-30 11:09:00,560 DEBUG   HandlerThread:1757 [handler.py:handle_request():158] handle_request: status_report
2024-05-30 11:09:03,469 DEBUG   HandlerThread:1757 [handler.py:handle_request():158] handle_request: status_report
2024-05-30 11:09:05,579 DEBUG   HandlerThread:1757 [handler.py:handle_request():158] handle_request: status_report
2024-05-30 11:09:08,486 DEBUG   HandlerThread:1757 [handler.py:handle_request():158] handle_request: status_report
2024-05-30 11:09:10,597 DEBUG   HandlerThread:1757 [handler.py:handle_request():158] handle_request: status_report
2024-05-30 11:09:13,499 DEBUG   HandlerThread:1757 [handler.py:handle_request():158] handle_request: status_report
2024-05-30 11:09:15,615 DEBUG   HandlerThread:1757 [handler.py:handle_request():158] handle_request: status_report
2024-05-30 11:09:18,516 DEBUG   HandlerThread:1757 [handler.py:handle_request():158] handle_request: status_report
2024-05-30 11:09:20,631 DEBUG   HandlerThread:1757 [handler.py:handle_request():158] handle_request: status_report
2024-05-30 11:09:23,537 DEBUG   HandlerThread:1757 [handler.py:handle_request():158] handle_request: status_report
2024-05-30 11:09:25,640 DEBUG   HandlerThread:1757 [handler.py:handle_request():158] handle_request: status_report
2024-05-30 11:09:28,560 DEBUG   HandlerThread:1757 [handler.py:handle_request():158] handle_request: status_report
2024-05-30 11:09:30,655 DEBUG   HandlerThread:1757 [handler.py:handle_request():158] handle_request: status_report
2024-05-30 11:09:33,578 DEBUG   HandlerThread:1757 [handler.py:handle_request():158] handle_request: status_report
2024-05-30 11:09:35,673 DEBUG   HandlerThread:1757 [handler.py:handle_request():158] handle_request: status_report
2024-05-30 11:09:38,599 DEBUG   HandlerThread:1757 [handler.py:handle_request():158] handle_request: status_report
2024-05-30 11:09:40,688 DEBUG   HandlerThread:1757 [handler.py:handle_request():158] handle_request: status_report
2024-05-30 11:09:43,613 DEBUG   HandlerThread:1757 [handler.py:handle_request():158] handle_request: status_report
2024-05-30 11:09:45,705 DEBUG   HandlerThread:1757 [handler.py:handle_request():158] handle_request: status_report
2024-05-30 11:09:48,631 DEBUG   HandlerThread:1757 [handler.py:handle_request():158] handle_request: status_report
2024-05-30 11:09:50,719 DEBUG   HandlerThread:1757 [handler.py:handle_request():158] handle_request: status_report
2024-05-30 11:09:53,652 DEBUG   HandlerThread:1757 [handler.py:handle_request():158] handle_request: status_report
2024-05-30 11:09:55,737 DEBUG   HandlerThread:1757 [handler.py:handle_request():158] handle_request: status_report
2024-05-30 11:09:58,673 DEBUG   HandlerThread:1757 [handler.py:handle_request():158] handle_request: status_report
2024-05-30 11:10:00,757 DEBUG   HandlerThread:1757 [handler.py:handle_request():158] handle_request: status_report
2024-05-30 11:10:03,689 DEBUG   HandlerThread:1757 [handler.py:handle_request():158] handle_request: status_report
2024-05-30 11:10:05,780 DEBUG   HandlerThread:1757 [handler.py:handle_request():158] handle_request: status_report
2024-05-30 11:10:08,705 DEBUG   HandlerThread:1757 [handler.py:handle_request():158] handle_request: status_report
2024-05-30 11:10:10,797 DEBUG   HandlerThread:1757 [handler.py:handle_request():158] handle_request: status_report
2024-05-30 11:10:13,727 DEBUG   HandlerThread:1757 [handler.py:handle_request():158] handle_request: status_report
2024-05-30 11:10:15,816 DEBUG   HandlerThread:1757 [handler.py:handle_request():158] handle_request: status_report
2024-05-30 11:10:18,745 DEBUG   HandlerThread:1757 [handler.py:handle_request():158] handle_request: status_report
2024-05-30 11:10:20,840 DEBUG   HandlerThread:1757 [handler.py:handle_request():158] handle_request: status_report
2024-05-30 11:10:23,764 DEBUG   HandlerThread:1757 [handler.py:handle_request():158] handle_request: status_report
2024-05-30 11:10:25,864 DEBUG   HandlerThread:1757 [handler.py:handle_request():158] handle_request: status_report
2024-05-30 11:10:28,786 DEBUG   HandlerThread:1757 [handler.py:handle_request():158] handle_request: status_report
2024-05-30 11:10:30,880 DEBUG   HandlerThread:1757 [handler.py:handle_request():158] handle_request: status_report
2024-05-30 11:10:33,801 DEBUG   HandlerThread:1757 [handler.py:handle_request():158] handle_request: status_report
2024-05-30 11:10:35,899 DEBUG   HandlerThread:1757 [handler.py:handle_request():158] handle_request: status_report
2024-05-30 11:10:38,817 DEBUG   HandlerThread:1757 [handler.py:handle_request():158] handle_request: status_report
2024-05-30 11:10:40,918 DEBUG   HandlerThread:1757 [handler.py:handle_request():158] handle_request: status_report
2024-05-30 11:10:43,838 DEBUG   HandlerThread:1757 [handler.py:handle_request():158] handle_request: status_report
2024-05-30 11:10:45,939 DEBUG   HandlerThread:1757 [handler.py:handle_request():158] handle_request: status_report
2024-05-30 11:10:48,845 DEBUG   HandlerThread:1757 [handler.py:handle_request():158] handle_request: status_report
2024-05-30 11:10:50,962 DEBUG   HandlerThread:1757 [handler.py:handle_request():158] handle_request: status_report
2024-05-30 11:10:53,861 DEBUG   HandlerThread:1757 [handler.py:handle_request():158] handle_request: status_report
2024-05-30 11:10:55,980 DEBUG   HandlerThread:1757 [handler.py:handle_request():158] handle_request: status_report
2024-05-30 11:10:58,880 DEBUG   HandlerThread:1757 [handler.py:handle_request():158] handle_request: status_report
2024-05-30 11:11:00,999 DEBUG   HandlerThread:1757 [handler.py:handle_request():158] handle_request: status_report
2024-05-30 11:11:03,899 DEBUG   HandlerThread:1757 [handler.py:handle_request():158] handle_request: status_report
2024-05-30 11:11:06,017 DEBUG   HandlerThread:1757 [handler.py:handle_request():158] handle_request: status_report
2024-05-30 11:11:08,917 DEBUG   HandlerThread:1757 [handler.py:handle_request():158] handle_request: status_report
2024-05-30 11:11:11,037 DEBUG   HandlerThread:1757 [handler.py:handle_request():158] handle_request: status_report
2024-05-30 11:11:13,939 DEBUG   HandlerThread:1757 [handler.py:handle_request():158] handle_request: status_report
2024-05-30 11:11:16,060 DEBUG   HandlerThread:1757 [handler.py:handle_request():158] handle_request: status_report
2024-05-30 11:11:18,961 DEBUG   HandlerThread:1757 [handler.py:handle_request():158] handle_request: status_report
2024-05-30 11:11:21,076 DEBUG   HandlerThread:1757 [handler.py:handle_request():158] handle_request: status_report
2024-05-30 11:11:23,977 DEBUG   HandlerThread:1757 [handler.py:handle_request():158] handle_request: status_report
2024-05-30 11:11:26,092 DEBUG   HandlerThread:1757 [handler.py:handle_request():158] handle_request: status_report
2024-05-30 11:11:28,994 DEBUG   HandlerThread:1757 [handler.py:handle_request():158] handle_request: status_report
2024-05-30 11:11:31,112 DEBUG   HandlerThread:1757 [handler.py:handle_request():158] handle_request: status_report
2024-05-30 11:11:34,015 DEBUG   HandlerThread:1757 [handler.py:handle_request():158] handle_request: status_report
2024-05-30 11:11:36,133 DEBUG   HandlerThread:1757 [handler.py:handle_request():158] handle_request: status_report
2024-05-30 11:11:39,033 DEBUG   HandlerThread:1757 [handler.py:handle_request():158] handle_request: status_report
2024-05-30 11:11:41,154 DEBUG   HandlerThread:1757 [handler.py:handle_request():158] handle_request: status_report
2024-05-30 11:11:44,053 DEBUG   HandlerThread:1757 [handler.py:handle_request():158] handle_request: status_report
2024-05-30 11:11:46,168 DEBUG   HandlerThread:1757 [handler.py:handle_request():158] handle_request: status_report
2024-05-30 11:11:49,076 DEBUG   HandlerThread:1757 [handler.py:handle_request():158] handle_request: status_report
2024-05-30 11:11:51,183 DEBUG   HandlerThread:1757 [handler.py:handle_request():158] handle_request: status_report
2024-05-30 11:11:54,086 DEBUG   HandlerThread:1757 [handler.py:handle_request():158] handle_request: status_report
2024-05-30 11:11:56,204 DEBUG   HandlerThread:1757 [handler.py:handle_request():158] handle_request: status_report
2024-05-30 11:11:59,103 DEBUG   HandlerThread:1757 [handler.py:handle_request():158] handle_request: status_report
2024-05-30 11:12:01,226 DEBUG   HandlerThread:1757 [handler.py:handle_request():158] handle_request: status_report
2024-05-30 11:12:04,124 DEBUG   HandlerThread:1757 [handler.py:handle_request():158] handle_request: status_report
2024-05-30 11:12:06,247 DEBUG   HandlerThread:1757 [handler.py:handle_request():158] handle_request: status_report
2024-05-30 11:12:09,138 DEBUG   HandlerThread:1757 [handler.py:handle_request():158] handle_request: status_report
2024-05-30 11:12:11,267 DEBUG   HandlerThread:1757 [handler.py:handle_request():158] handle_request: status_report
2024-05-30 11:12:14,155 DEBUG   HandlerThread:1757 [handler.py:handle_request():158] handle_request: status_report
2024-05-30 11:12:16,283 DEBUG   HandlerThread:1757 [handler.py:handle_request():158] handle_request: status_report
2024-05-30 11:12:19,174 DEBUG   HandlerThread:1757 [handler.py:handle_request():158] handle_request: status_report
2024-05-30 11:12:21,302 DEBUG   HandlerThread:1757 [handler.py:handle_request():158] handle_request: status_report
2024-05-30 11:12:24,195 DEBUG   HandlerThread:1757 [handler.py:handle_request():158] handle_request: status_report
2024-05-30 11:12:26,319 DEBUG   HandlerThread:1757 [handler.py:handle_request():158] handle_request: status_report
2024-05-30 11:12:29,214 DEBUG   HandlerThread:1757 [handler.py:handle_request():158] handle_request: status_report
2024-05-30 11:12:31,334 DEBUG   HandlerThread:1757 [handler.py:handle_request():158] handle_request: status_report
2024-05-30 11:12:34,232 DEBUG   HandlerThread:1757 [handler.py:handle_request():158] handle_request: status_report
2024-05-30 11:12:36,356 DEBUG   HandlerThread:1757 [handler.py:handle_request():158] handle_request: status_report
2024-05-30 11:12:39,250 DEBUG   HandlerThread:1757 [handler.py:handle_request():158] handle_request: status_report
2024-05-30 11:12:41,374 DEBUG   HandlerThread:1757 [handler.py:handle_request():158] handle_request: status_report
2024-05-30 11:12:44,271 DEBUG   HandlerThread:1757 [handler.py:handle_request():158] handle_request: status_report
2024-05-30 11:12:46,394 DEBUG   HandlerThread:1757 [handler.py:handle_request():158] handle_request: status_report
2024-05-30 11:12:49,281 DEBUG   HandlerThread:1757 [handler.py:handle_request():158] handle_request: status_report
2024-05-30 11:12:51,408 DEBUG   HandlerThread:1757 [handler.py:handle_request():158] handle_request: status_report
2024-05-30 11:12:54,304 DEBUG   HandlerThread:1757 [handler.py:handle_request():158] handle_request: status_report
2024-05-30 11:12:56,423 DEBUG   HandlerThread:1757 [handler.py:handle_request():158] handle_request: status_report
2024-05-30 11:12:59,322 DEBUG   HandlerThread:1757 [handler.py:handle_request():158] handle_request: status_report
2024-05-30 11:13:01,435 DEBUG   HandlerThread:1757 [handler.py:handle_request():158] handle_request: status_report
2024-05-30 11:13:04,338 DEBUG   HandlerThread:1757 [handler.py:handle_request():158] handle_request: status_report
2024-05-30 11:13:06,457 DEBUG   HandlerThread:1757 [handler.py:handle_request():158] handle_request: status_report
2024-05-30 11:13:09,354 DEBUG   HandlerThread:1757 [handler.py:handle_request():158] handle_request: status_report
2024-05-30 11:13:11,478 DEBUG   HandlerThread:1757 [handler.py:handle_request():158] handle_request: status_report
2024-05-30 11:13:14,375 DEBUG   HandlerThread:1757 [handler.py:handle_request():158] handle_request: status_report
2024-05-30 11:13:16,494 DEBUG   HandlerThread:1757 [handler.py:handle_request():158] handle_request: status_report
2024-05-30 11:13:19,389 DEBUG   HandlerThread:1757 [handler.py:handle_request():158] handle_request: status_report
2024-05-30 11:13:21,511 DEBUG   HandlerThread:1757 [handler.py:handle_request():158] handle_request: status_report
2024-05-30 11:13:24,410 DEBUG   HandlerThread:1757 [handler.py:handle_request():158] handle_request: status_report
2024-05-30 11:13:26,522 DEBUG   HandlerThread:1757 [handler.py:handle_request():158] handle_request: status_report
2024-05-30 11:13:29,432 DEBUG   HandlerThread:1757 [handler.py:handle_request():158] handle_request: status_report
2024-05-30 11:13:31,538 DEBUG   HandlerThread:1757 [handler.py:handle_request():158] handle_request: status_report
2024-05-30 11:13:34,444 DEBUG   HandlerThread:1757 [handler.py:handle_request():158] handle_request: status_report
2024-05-30 11:13:36,554 DEBUG   HandlerThread:1757 [handler.py:handle_request():158] handle_request: status_report
2024-05-30 11:13:39,459 DEBUG   HandlerThread:1757 [handler.py:handle_request():158] handle_request: status_report
2024-05-30 11:13:41,572 DEBUG   HandlerThread:1757 [handler.py:handle_request():158] handle_request: status_report
2024-05-30 11:13:44,468 DEBUG   HandlerThread:1757 [handler.py:handle_request():158] handle_request: status_report
2024-05-30 11:13:46,584 DEBUG   HandlerThread:1757 [handler.py:handle_request():158] handle_request: status_report
2024-05-30 11:13:49,487 DEBUG   HandlerThread:1757 [handler.py:handle_request():158] handle_request: status_report
2024-05-30 11:13:51,609 DEBUG   HandlerThread:1757 [handler.py:handle_request():158] handle_request: status_report
2024-05-30 11:13:54,512 DEBUG   HandlerThread:1757 [handler.py:handle_request():158] handle_request: status_report
2024-05-30 11:13:56,631 DEBUG   HandlerThread:1757 [handler.py:handle_request():158] handle_request: status_report
2024-05-30 11:13:59,533 DEBUG   HandlerThread:1757 [handler.py:handle_request():158] handle_request: status_report
2024-05-30 11:14:01,652 DEBUG   HandlerThread:1757 [handler.py:handle_request():158] handle_request: status_report
2024-05-30 11:14:04,552 DEBUG   HandlerThread:1757 [handler.py:handle_request():158] handle_request: status_report
2024-05-30 11:14:06,674 DEBUG   HandlerThread:1757 [handler.py:handle_request():158] handle_request: status_report
2024-05-30 11:14:09,571 DEBUG   HandlerThread:1757 [handler.py:handle_request():158] handle_request: status_report
2024-05-30 11:14:11,689 DEBUG   HandlerThread:1757 [handler.py:handle_request():158] handle_request: status_report
2024-05-30 11:14:14,590 DEBUG   HandlerThread:1757 [handler.py:handle_request():158] handle_request: status_report
2024-05-30 11:14:16,701 DEBUG   HandlerThread:1757 [handler.py:handle_request():158] handle_request: status_report
2024-05-30 11:14:19,609 DEBUG   HandlerThread:1757 [handler.py:handle_request():158] handle_request: status_report
2024-05-30 11:14:21,724 DEBUG   HandlerThread:1757 [handler.py:handle_request():158] handle_request: status_report
2024-05-30 11:14:24,627 DEBUG   HandlerThread:1757 [handler.py:handle_request():158] handle_request: status_report
2024-05-30 11:14:26,741 DEBUG   HandlerThread:1757 [handler.py:handle_request():158] handle_request: status_report
2024-05-30 11:14:29,242 DEBUG   HandlerThread:1757 [handler.py:handle_request():158] handle_request: shutdown
2024-05-30 11:14:29,243 INFO    HandlerThread:1757 [handler.py:finish():882] shutting down handler
2024-05-30 11:14:29,639 DEBUG   HandlerThread:1757 [handler.py:handle_request():158] handle_request: status_report
2024-05-30 11:14:29,754 INFO    WriterThread:1757 [datastore.py:close():296] close: /Users/zhemingan/anaconda3/lib/python3.11/site-packages/signaturesnet/wandb/run-20240530_104815-9d3kgg2q/run-9d3kgg2q.wandb
2024-05-30 11:14:29,755 INFO    SenderThread:1757 [sender.py:finish():1545] shutting down sender
